2020-03-29 00:52:40,269 [Worker-0: Loading available Gradle versions] INFO  c.g.t.t.d.PublishedGradleVersions - Gradle version information cache is up-to-date. Trying to read.
2020-03-29 00:54:03,729 [Worker-7: Creating maven-archetype-quickstart] INFO  o.e.m.c.i.p.ProjectConfigurationManager - Collecting project info '/pom.xml' C:\packetSizeTest\ServerWork\server2020\pom.xml
2020-03-29 00:54:09,441 [Worker-7: Creating maven-archetype-quickstart] INFO  o.e.m.c.i.l.LifecycleMappingFactory - Using org.eclipse.m2e.jdt.JarLifecycleMapping lifecycle mapping for MavenProject: com.udpServer:server2020:0.0.1-SNAPSHOT @ C:\packetSizeTest\ServerWork\server2020\pom.xml.
2020-03-29 00:54:10,490 [Worker-7: Creating maven-archetype-quickstart] INFO  o.e.m.j.i.AbstractJavaProjectConfigurator - Adding source folder /server2020/src/main/java
2020-03-29 00:54:10,497 [Worker-7: Creating maven-archetype-quickstart] INFO  o.e.m.j.i.AbstractJavaProjectConfigurator - Adding source folder /server2020/src/test/java
2020-03-29 00:54:12,413 [Worker-7: Creating maven-archetype-quickstart] INFO  o.e.m.c.i.p.ProjectConfigurationManager - Imported and configured 1 project(s) in 8 sec
2020-03-29 00:54:13,427 [Worker-9: Building workspace] INFO  o.e.m.c.i.embedder.EclipseLogger - Using 'UTF-8' encoding to copy filtered resources.
2020-03-29 00:54:13,427 [Worker-9: Building workspace] INFO  o.e.m.c.i.embedder.EclipseLogger - skip non existing resourceDirectory C:\packetSizeTest\ServerWork\server2020\src\main\resources
2020-03-29 00:54:13,429 [Worker-9: Building workspace] INFO  o.e.m.c.i.embedder.EclipseLogger - Using 'UTF-8' encoding to copy filtered resources.
2020-03-29 00:54:13,429 [Worker-9: Building workspace] INFO  o.e.m.c.i.embedder.EclipseLogger - skip non existing resourceDirectory C:\packetSizeTest\ServerWork\server2020\src\test\resources
2020-03-29 00:54:31,618 [main] INFO  o.e.m2e.actions.ExecutePomAction - Creating new launch configuration
2020-03-29 00:54:38,328 [Worker-9: Launching server2020] INFO  o.e.m.i.launch.MavenLaunchDelegate - C:\packetSizeTest\ServerWork\server2020
2020-03-29 00:54:38,328 [Worker-9: Launching server2020] INFO  o.e.m.i.launch.MavenLaunchDelegate -  mvn -B package
2020-03-29 00:56:16,046 [Worker-3: Building workspace] INFO  o.e.m.c.i.embedder.EclipseLogger - Using 'UTF-8' encoding to copy filtered resources.
2020-03-29 00:56:16,046 [Worker-3: Building workspace] INFO  o.e.m.c.i.embedder.EclipseLogger - skip non existing resourceDirectory C:\packetSizeTest\ServerWork\server2020\src\main\resources
2020-03-29 00:56:16,047 [Worker-3: Building workspace] INFO  o.e.m.c.i.embedder.EclipseLogger - Using 'UTF-8' encoding to copy filtered resources.
2020-03-29 00:56:16,048 [Worker-3: Building workspace] INFO  o.e.m.c.i.embedder.EclipseLogger - skip non existing resourceDirectory C:\packetSizeTest\ServerWork\server2020\src\test\resources
2020-03-29 00:56:29,564 [main] INFO  o.e.m2e.actions.ExecutePomAction - Using existing launch configuration
2020-03-29 00:56:29,657 [Worker-8: Launching server2020] INFO  o.e.m.i.launch.MavenLaunchDelegate - C:\packetSizeTest\ServerWork\server2020
2020-03-29 00:56:29,658 [Worker-8: Launching server2020] INFO  o.e.m.i.launch.MavenLaunchDelegate -  mvn -B package
2020-03-29 00:58:20,308 [Worker-12: Building workspace] INFO  o.e.m.c.i.embedder.EclipseLogger - Using 'UTF-8' encoding to copy filtered resources.
2020-03-29 00:58:20,309 [Worker-12: Building workspace] INFO  o.e.m.c.i.embedder.EclipseLogger - skip non existing resourceDirectory C:\packetSizeTest\ServerWork\server2020\src\main\resources
2020-03-29 00:58:20,311 [Worker-12: Building workspace] INFO  o.e.m.c.i.embedder.EclipseLogger - Using 'UTF-8' encoding to copy filtered resources.
2020-03-29 00:58:20,313 [Worker-12: Building workspace] INFO  o.e.m.c.i.embedder.EclipseLogger - skip non existing resourceDirectory C:\packetSizeTest\ServerWork\server2020\src\test\resources
2020-03-29 00:59:12,411 [Worker-13: Building workspace] INFO  o.e.m.c.i.l.LifecycleMappingFactory - Using org.eclipse.m2e.jdt.JarLifecycleMapping lifecycle mapping for MavenProject: com.udpServer:server2020:0.0.1-SNAPSHOT @ C:\packetSizeTest\ServerWork\server2020\pom.xml.
2020-03-29 00:59:13,551 [Worker-13: Building workspace] INFO  o.e.m.c.i.embedder.EclipseLogger - Protoc version: 2.6.1
2020-03-29 00:59:13,575 [Worker-13: Building workspace] INFO  o.e.m.c.i.embedder.EclipseLogger - Protoc command: C:\Users\xiezi\AppData\Local\Temp\protocjar5662205033283786492\bin\protoc.exe
2020-03-29 00:59:13,575 [Worker-13: Building workspace] INFO  o.e.m.c.i.embedder.EclipseLogger - Input directories:
2020-03-29 00:59:13,575 [Worker-13: Building workspace] INFO  o.e.m.c.i.embedder.EclipseLogger -     C:\packetSizeTest\ServerWork\server2020\src\main\protobuf
2020-03-29 00:59:13,576 [Worker-13: Building workspace] INFO  o.e.m.c.i.embedder.EclipseLogger - Output targets:
2020-03-29 00:59:13,576 [Worker-13: Building workspace] INFO  o.e.m.c.i.embedder.EclipseLogger -     java: C:\packetSizeTest\ServerWork\server2020\src\main\java (add: none, clean: false, plugin: null, outputOptions: null)
2020-03-29 00:59:13,630 [Worker-13: Building workspace] INFO  o.e.m.c.i.embedder.EclipseLogger - Not changed C:\packetSizeTest\ServerWork\server2020\src\main\protobuf\Message.proto
2020-03-29 00:59:13,630 [Worker-13: Building workspace] INFO  o.e.m.c.i.embedder.EclipseLogger - Not changed C:\packetSizeTest\ServerWork\server2020\src\main\protobuf\RequestPayload.proto
2020-03-29 00:59:13,630 [Worker-13: Building workspace] INFO  o.e.m.c.i.embedder.EclipseLogger - Not changed C:\packetSizeTest\ServerWork\server2020\src\main\protobuf\ResponsePayload.proto
2020-03-29 00:59:13,749 [Worker-13: Building workspace] INFO  o.e.m.c.i.embedder.EclipseLogger - Using 'UTF-8' encoding to copy filtered resources.
2020-03-29 00:59:13,749 [Worker-13: Building workspace] INFO  o.e.m.c.i.embedder.EclipseLogger - skip non existing resourceDirectory C:\packetSizeTest\ServerWork\server2020\src\main\resources
2020-03-29 00:59:13,750 [Worker-13: Building workspace] INFO  o.e.m.c.i.embedder.EclipseLogger - Using 'UTF-8' encoding to copy filtered resources.
2020-03-29 00:59:13,751 [Worker-13: Building workspace] INFO  o.e.m.c.i.embedder.EclipseLogger - skip non existing resourceDirectory C:\packetSizeTest\ServerWork\server2020\src\test\resources
2020-03-29 00:59:21,374 [Worker-12: Launching Executing generate-sources in C__packetSizeTest_ServerWork_server2020] INFO  o.e.m.i.launch.MavenLaunchDelegate - C:\packetSizeTest\ServerWork\server2020
2020-03-29 00:59:21,375 [Worker-12: Launching Executing generate-sources in C__packetSizeTest_ServerWork_server2020] INFO  o.e.m.i.launch.MavenLaunchDelegate -  mvn -B generate-sources
2020-03-29 00:59:29,687 [Worker-9: Building workspace] INFO  o.e.m.c.i.embedder.EclipseLogger - Protoc version: 2.6.1
2020-03-29 00:59:29,728 [Worker-9: Building workspace] INFO  o.e.m.c.i.embedder.EclipseLogger - Protoc command: C:\Users\xiezi\AppData\Local\Temp\protocjar6166269532609360664\bin\protoc.exe
2020-03-29 00:59:29,729 [Worker-9: Building workspace] INFO  o.e.m.c.i.embedder.EclipseLogger - Input directories:
2020-03-29 00:59:29,729 [Worker-9: Building workspace] INFO  o.e.m.c.i.embedder.EclipseLogger -     C:\packetSizeTest\ServerWork\server2020\src\main\protobuf
2020-03-29 00:59:29,729 [Worker-9: Building workspace] INFO  o.e.m.c.i.embedder.EclipseLogger - Output targets:
2020-03-29 00:59:29,729 [Worker-9: Building workspace] INFO  o.e.m.c.i.embedder.EclipseLogger -     java: C:\packetSizeTest\ServerWork\server2020\src\main\java (add: none, clean: false, plugin: null, outputOptions: null)
2020-03-29 00:59:29,731 [Worker-9: Building workspace] INFO  o.e.m.c.i.embedder.EclipseLogger - Not changed C:\packetSizeTest\ServerWork\server2020\src\main\protobuf\Message.proto
2020-03-29 00:59:29,731 [Worker-9: Building workspace] INFO  o.e.m.c.i.embedder.EclipseLogger - Not changed C:\packetSizeTest\ServerWork\server2020\src\main\protobuf\RequestPayload.proto
2020-03-29 00:59:29,731 [Worker-9: Building workspace] INFO  o.e.m.c.i.embedder.EclipseLogger - Not changed C:\packetSizeTest\ServerWork\server2020\src\main\protobuf\ResponsePayload.proto
2020-03-29 00:59:29,733 [Worker-9: Building workspace] INFO  o.e.m.c.i.embedder.EclipseLogger - Using 'UTF-8' encoding to copy filtered resources.
2020-03-29 00:59:29,733 [Worker-9: Building workspace] INFO  o.e.m.c.i.embedder.EclipseLogger - skip non existing resourceDirectory C:\packetSizeTest\ServerWork\server2020\src\main\resources
2020-03-29 00:59:29,734 [Worker-9: Building workspace] INFO  o.e.m.c.i.embedder.EclipseLogger - Using 'UTF-8' encoding to copy filtered resources.
2020-03-29 00:59:29,734 [Worker-9: Building workspace] INFO  o.e.m.c.i.embedder.EclipseLogger - skip non existing resourceDirectory C:\packetSizeTest\ServerWork\server2020\src\test\resources
2020-03-29 00:59:50,719 [Worker-11: Building workspace] INFO  o.e.m.c.i.l.LifecycleMappingFactory - Using org.eclipse.m2e.jdt.JarLifecycleMapping lifecycle mapping for MavenProject: com.udpServer:server2020:0.0.1-SNAPSHOT @ C:\packetSizeTest\ServerWork\server2020\pom.xml.
2020-03-29 00:59:51,226 [Worker-11: Building workspace] INFO  o.e.m.c.i.embedder.EclipseLogger - Protoc version: 2.6.1
2020-03-29 00:59:51,270 [Worker-11: Building workspace] INFO  o.e.m.c.i.embedder.EclipseLogger - Protoc command: C:\Users\xiezi\AppData\Local\Temp\protocjar2193055106933862763\bin\protoc.exe
2020-03-29 00:59:51,270 [Worker-11: Building workspace] INFO  o.e.m.c.i.embedder.EclipseLogger - Input directories:
2020-03-29 00:59:51,270 [Worker-11: Building workspace] INFO  o.e.m.c.i.embedder.EclipseLogger -     C:\packetSizeTest\ServerWork\server2020\src\main\protobuf
2020-03-29 00:59:51,271 [Worker-11: Building workspace] INFO  o.e.m.c.i.embedder.EclipseLogger - Output targets:
2020-03-29 00:59:51,271 [Worker-11: Building workspace] INFO  o.e.m.c.i.embedder.EclipseLogger -     java: C:\packetSizeTest\ServerWork\server2020\src\main\java (add: none, clean: false, plugin: null, outputOptions: null)
2020-03-29 00:59:51,288 [Worker-11: Building workspace] INFO  o.e.m.c.i.embedder.EclipseLogger - Not changed C:\packetSizeTest\ServerWork\server2020\src\main\protobuf\Message.proto
2020-03-29 00:59:51,288 [Worker-11: Building workspace] INFO  o.e.m.c.i.embedder.EclipseLogger - Not changed C:\packetSizeTest\ServerWork\server2020\src\main\protobuf\RequestPayload.proto
2020-03-29 00:59:51,288 [Worker-11: Building workspace] INFO  o.e.m.c.i.embedder.EclipseLogger - Not changed C:\packetSizeTest\ServerWork\server2020\src\main\protobuf\ResponsePayload.proto
2020-03-29 00:59:51,428 [Worker-11: Building workspace] INFO  o.e.m.c.i.embedder.EclipseLogger - Using 'UTF-8' encoding to copy filtered resources.
2020-03-29 00:59:51,429 [Worker-11: Building workspace] INFO  o.e.m.c.i.embedder.EclipseLogger - skip non existing resourceDirectory C:\packetSizeTest\ServerWork\server2020\src\main\resources
2020-03-29 00:59:51,430 [Worker-11: Building workspace] INFO  o.e.m.c.i.embedder.EclipseLogger - Using 'UTF-8' encoding to copy filtered resources.
2020-03-29 00:59:51,430 [Worker-11: Building workspace] INFO  o.e.m.c.i.embedder.EclipseLogger - skip non existing resourceDirectory C:\packetSizeTest\ServerWork\server2020\src\test\resources
2020-03-29 00:59:52,797 [Worker-11: Building workspace] INFO  o.e.m.c.i.embedder.EclipseLogger - Protoc version: 2.6.1
2020-03-29 00:59:52,839 [Worker-11: Building workspace] INFO  o.e.m.c.i.embedder.EclipseLogger - Protoc command: C:\Users\xiezi\AppData\Local\Temp\protocjar4455609516173830619\bin\protoc.exe
2020-03-29 00:59:52,839 [Worker-11: Building workspace] INFO  o.e.m.c.i.embedder.EclipseLogger - Input directories:
2020-03-29 00:59:52,839 [Worker-11: Building workspace] INFO  o.e.m.c.i.embedder.EclipseLogger -     C:\packetSizeTest\ServerWork\server2020\src\main\protobuf
2020-03-29 00:59:52,839 [Worker-11: Building workspace] INFO  o.e.m.c.i.embedder.EclipseLogger - Output targets:
2020-03-29 00:59:52,839 [Worker-11: Building workspace] INFO  o.e.m.c.i.embedder.EclipseLogger -     java: C:\packetSizeTest\ServerWork\server2020\src\main\java (add: none, clean: false, plugin: null, outputOptions: null)
2020-03-29 00:59:52,841 [Worker-11: Building workspace] INFO  o.e.m.c.i.embedder.EclipseLogger - Not changed C:\packetSizeTest\ServerWork\server2020\src\main\protobuf\Message.proto
2020-03-29 00:59:52,841 [Worker-11: Building workspace] INFO  o.e.m.c.i.embedder.EclipseLogger - Not changed C:\packetSizeTest\ServerWork\server2020\src\main\protobuf\RequestPayload.proto
2020-03-29 00:59:52,841 [Worker-11: Building workspace] INFO  o.e.m.c.i.embedder.EclipseLogger - Not changed C:\packetSizeTest\ServerWork\server2020\src\main\protobuf\ResponsePayload.proto
2020-03-29 00:59:52,842 [Worker-11: Building workspace] INFO  o.e.m.c.i.embedder.EclipseLogger - Using 'UTF-8' encoding to copy filtered resources.
2020-03-29 00:59:52,843 [Worker-11: Building workspace] INFO  o.e.m.c.i.embedder.EclipseLogger - skip non existing resourceDirectory C:\packetSizeTest\ServerWork\server2020\src\main\resources
2020-03-29 00:59:52,844 [Worker-11: Building workspace] INFO  o.e.m.c.i.embedder.EclipseLogger - Using 'UTF-8' encoding to copy filtered resources.
2020-03-29 00:59:52,844 [Worker-11: Building workspace] INFO  o.e.m.c.i.embedder.EclipseLogger - skip non existing resourceDirectory C:\packetSizeTest\ServerWork\server2020\src\test\resources
2020-03-29 01:00:06,289 [Worker-0: Updating Maven Project] INFO  o.e.m.c.i.p.ProjectConfigurationManager - Update started
2020-03-29 01:00:06,746 [Worker-0: Updating Maven Project] INFO  o.e.m.c.i.l.LifecycleMappingFactory - Using org.eclipse.m2e.jdt.JarLifecycleMapping lifecycle mapping for MavenProject: com.udpServer:server2020:0.0.1-SNAPSHOT @ C:\packetSizeTest\ServerWork\server2020\pom.xml.
2020-03-29 01:00:06,926 [Worker-0: Updating Maven Project] INFO  o.e.m.c.i.embedder.EclipseLogger - Protoc version: 2.6.1
2020-03-29 01:00:06,951 [Worker-0: Updating Maven Project] INFO  o.e.m.c.i.embedder.EclipseLogger - Protoc command: C:\Users\xiezi\AppData\Local\Temp\protocjar959517296781141711\bin\protoc.exe
2020-03-29 01:00:06,951 [Worker-0: Updating Maven Project] INFO  o.e.m.c.i.embedder.EclipseLogger - Input directories:
2020-03-29 01:00:06,951 [Worker-0: Updating Maven Project] INFO  o.e.m.c.i.embedder.EclipseLogger -     C:\packetSizeTest\ServerWork\server2020\src\main\protobuf
2020-03-29 01:00:06,951 [Worker-0: Updating Maven Project] INFO  o.e.m.c.i.embedder.EclipseLogger - Output targets:
2020-03-29 01:00:06,951 [Worker-0: Updating Maven Project] INFO  o.e.m.c.i.embedder.EclipseLogger -     java: C:\packetSizeTest\ServerWork\server2020\src\main\java (add: none, clean: false, plugin: null, outputOptions: null)
2020-03-29 01:00:06,963 [Worker-0: Updating Maven Project] INFO  o.e.m.c.i.embedder.EclipseLogger - Not changed C:\packetSizeTest\ServerWork\server2020\src\main\protobuf\Message.proto
2020-03-29 01:00:06,963 [Worker-0: Updating Maven Project] INFO  o.e.m.c.i.embedder.EclipseLogger - Not changed C:\packetSizeTest\ServerWork\server2020\src\main\protobuf\RequestPayload.proto
2020-03-29 01:00:06,963 [Worker-0: Updating Maven Project] INFO  o.e.m.c.i.embedder.EclipseLogger - Not changed C:\packetSizeTest\ServerWork\server2020\src\main\protobuf\ResponsePayload.proto
2020-03-29 01:00:07,060 [Worker-0: Updating Maven Project] INFO  o.e.m.j.i.AbstractJavaProjectConfigurator - Adding source folder /server2020/src/main/java
2020-03-29 01:00:07,061 [Worker-0: Updating Maven Project] INFO  o.e.m.j.i.AbstractJavaProjectConfigurator - Adding source folder /server2020/src/test/java
2020-03-29 01:00:07,273 [Worker-0: Updating Maven Project] INFO  o.e.m.c.i.p.ProjectConfigurationManager - Update completed: 0 sec
2020-03-29 01:00:07,575 [Worker-2: Building workspace] INFO  o.e.m.c.i.embedder.EclipseLogger - Protoc version: 2.6.1
2020-03-29 01:00:07,756 [Worker-2: Building workspace] INFO  o.e.m.c.i.embedder.EclipseLogger - Protoc command: C:\Users\xiezi\AppData\Local\Temp\protocjar7363027219764794473\bin\protoc.exe
2020-03-29 01:00:07,757 [Worker-2: Building workspace] INFO  o.e.m.c.i.embedder.EclipseLogger - Input directories:
2020-03-29 01:00:07,757 [Worker-2: Building workspace] INFO  o.e.m.c.i.embedder.EclipseLogger -     C:\packetSizeTest\ServerWork\server2020\src\main\protobuf
2020-03-29 01:00:07,757 [Worker-2: Building workspace] INFO  o.e.m.c.i.embedder.EclipseLogger - Output targets:
2020-03-29 01:00:07,757 [Worker-2: Building workspace] INFO  o.e.m.c.i.embedder.EclipseLogger -     java: C:\packetSizeTest\ServerWork\server2020\src\main\java (add: none, clean: false, plugin: null, outputOptions: null)
2020-03-29 01:00:07,760 [Worker-2: Building workspace] INFO  o.e.m.c.i.embedder.EclipseLogger -     Processing (java): Message.proto
2020-03-29 01:00:08,901 [Worker-2: Building workspace] INFO  o.e.m.c.i.embedder.EclipseLogger -     Processing (java): RequestPayload.proto
2020-03-29 01:00:10,194 [Worker-2: Building workspace] INFO  o.e.m.c.i.embedder.EclipseLogger -     Processing (java): ResponsePayload.proto
2020-03-29 01:00:11,816 [Worker-2: Building workspace] INFO  o.e.m.c.i.embedder.EclipseLogger - Using 'UTF-8' encoding to copy filtered resources.
2020-03-29 01:00:11,817 [Worker-2: Building workspace] INFO  o.e.m.c.i.embedder.EclipseLogger - skip non existing resourceDirectory C:\packetSizeTest\ServerWork\server2020\src\main\resources
2020-03-29 01:00:11,818 [Worker-2: Building workspace] INFO  o.e.m.c.i.embedder.EclipseLogger - Using 'UTF-8' encoding to copy filtered resources.
2020-03-29 01:00:11,819 [Worker-2: Building workspace] INFO  o.e.m.c.i.embedder.EclipseLogger - skip non existing resourceDirectory C:\packetSizeTest\ServerWork\server2020\src\test\resources
2020-03-29 01:00:50,538 [Worker-12: Building workspace] INFO  o.e.m.c.i.l.LifecycleMappingFactory - Using org.eclipse.m2e.jdt.JarLifecycleMapping lifecycle mapping for MavenProject: com.udpServer:server2020:0.0.1-SNAPSHOT @ C:\packetSizeTest\ServerWork\server2020\pom.xml.
2020-03-29 01:00:50,758 [Worker-12: Building workspace] INFO  o.e.m.c.i.embedder.EclipseLogger - Protoc version: 2.6.1
2020-03-29 01:00:50,842 [Worker-12: Building workspace] INFO  o.e.m.c.i.embedder.EclipseLogger - Protoc command: C:\Users\xiezi\AppData\Local\Temp\protocjar507371884656402235\bin\protoc.exe
2020-03-29 01:00:50,843 [Worker-12: Building workspace] INFO  o.e.m.c.i.embedder.EclipseLogger - Input directories:
2020-03-29 01:00:50,843 [Worker-12: Building workspace] INFO  o.e.m.c.i.embedder.EclipseLogger -     C:\packetSizeTest\ServerWork\server2020\src\main\protobuf
2020-03-29 01:00:50,843 [Worker-12: Building workspace] INFO  o.e.m.c.i.embedder.EclipseLogger - Output targets:
2020-03-29 01:00:50,843 [Worker-12: Building workspace] INFO  o.e.m.c.i.embedder.EclipseLogger -     java: C:\packetSizeTest\ServerWork\server2020\src\main\java (add: none, clean: false, plugin: null, outputOptions: null)
2020-03-29 01:00:50,859 [Worker-12: Building workspace] INFO  o.e.m.c.i.embedder.EclipseLogger - Not changed C:\packetSizeTest\ServerWork\server2020\src\main\protobuf\Message.proto
2020-03-29 01:00:50,860 [Worker-12: Building workspace] INFO  o.e.m.c.i.embedder.EclipseLogger - Not changed C:\packetSizeTest\ServerWork\server2020\src\main\protobuf\RequestPayload.proto
2020-03-29 01:00:50,860 [Worker-12: Building workspace] INFO  o.e.m.c.i.embedder.EclipseLogger - Not changed C:\packetSizeTest\ServerWork\server2020\src\main\protobuf\ResponsePayload.proto
2020-03-29 01:00:50,984 [Worker-12: Building workspace] INFO  o.e.m.c.i.embedder.EclipseLogger - Using 'UTF-8' encoding to copy filtered resources.
2020-03-29 01:00:50,984 [Worker-12: Building workspace] INFO  o.e.m.c.i.embedder.EclipseLogger - skip non existing resourceDirectory C:\packetSizeTest\ServerWork\server2020\src\main\resources
2020-03-29 01:00:50,986 [Worker-12: Building workspace] INFO  o.e.m.c.i.embedder.EclipseLogger - Using 'UTF-8' encoding to copy filtered resources.
2020-03-29 01:00:50,986 [Worker-12: Building workspace] INFO  o.e.m.c.i.embedder.EclipseLogger - skip non existing resourceDirectory C:\packetSizeTest\ServerWork\server2020\src\test\resources
2020-03-29 01:01:10,057 [Worker-8: Building workspace] INFO  o.e.m.c.i.l.LifecycleMappingFactory - Using org.eclipse.m2e.jdt.JarLifecycleMapping lifecycle mapping for MavenProject: com.udpServer:server2020:0.0.1-SNAPSHOT @ C:\packetSizeTest\ServerWork\server2020\pom.xml.
2020-03-29 01:01:10,260 [Worker-8: Building workspace] INFO  o.e.m.c.i.embedder.EclipseLogger - Protoc version: 2.6.1
2020-03-29 01:01:10,286 [Worker-8: Building workspace] INFO  o.e.m.c.i.embedder.EclipseLogger - Protoc command: C:\Users\xiezi\AppData\Local\Temp\protocjar9071401228694810842\bin\protoc.exe
2020-03-29 01:01:10,286 [Worker-8: Building workspace] INFO  o.e.m.c.i.embedder.EclipseLogger - Input directories:
2020-03-29 01:01:10,286 [Worker-8: Building workspace] INFO  o.e.m.c.i.embedder.EclipseLogger -     C:\packetSizeTest\ServerWork\server2020\src\main\protobuf
2020-03-29 01:01:10,286 [Worker-8: Building workspace] INFO  o.e.m.c.i.embedder.EclipseLogger - Output targets:
2020-03-29 01:01:10,286 [Worker-8: Building workspace] INFO  o.e.m.c.i.embedder.EclipseLogger -     java: C:\packetSizeTest\ServerWork\server2020\src\main\java (add: none, clean: false, plugin: null, outputOptions: null)
2020-03-29 01:01:10,299 [Worker-8: Building workspace] INFO  o.e.m.c.i.embedder.EclipseLogger - Not changed C:\packetSizeTest\ServerWork\server2020\src\main\protobuf\Message.proto
2020-03-29 01:01:10,299 [Worker-8: Building workspace] INFO  o.e.m.c.i.embedder.EclipseLogger - Not changed C:\packetSizeTest\ServerWork\server2020\src\main\protobuf\RequestPayload.proto
2020-03-29 01:01:10,299 [Worker-8: Building workspace] INFO  o.e.m.c.i.embedder.EclipseLogger - Not changed C:\packetSizeTest\ServerWork\server2020\src\main\protobuf\ResponsePayload.proto
2020-03-29 01:01:10,407 [Worker-8: Building workspace] INFO  o.e.m.c.i.embedder.EclipseLogger - Using 'UTF-8' encoding to copy filtered resources.
2020-03-29 01:01:10,407 [Worker-8: Building workspace] INFO  o.e.m.c.i.embedder.EclipseLogger - skip non existing resourceDirectory C:\packetSizeTest\ServerWork\server2020\src\main\resources
2020-03-29 01:01:10,409 [Worker-8: Building workspace] INFO  o.e.m.c.i.embedder.EclipseLogger - Using 'UTF-8' encoding to copy filtered resources.
2020-03-29 01:01:10,409 [Worker-8: Building workspace] INFO  o.e.m.c.i.embedder.EclipseLogger - skip non existing resourceDirectory C:\packetSizeTest\ServerWork\server2020\src\test\resources
2020-03-29 01:01:34,718 [Worker-8: Updating Maven Project] INFO  o.e.m.c.i.p.ProjectConfigurationManager - Update started
2020-03-29 01:01:35,109 [Worker-8: Updating Maven Project] INFO  o.e.m.c.i.l.LifecycleMappingFactory - Using org.eclipse.m2e.jdt.JarLifecycleMapping lifecycle mapping for MavenProject: com.udpServer:server2020:0.0.1-SNAPSHOT @ C:\packetSizeTest\ServerWork\server2020\pom.xml.
2020-03-29 01:01:35,339 [Worker-8: Updating Maven Project] INFO  o.e.m.c.i.embedder.EclipseLogger - Protoc version: 2.6.1
2020-03-29 01:01:35,393 [Worker-8: Updating Maven Project] INFO  o.e.m.c.i.embedder.EclipseLogger - Protoc command: C:\Users\xiezi\AppData\Local\Temp\protocjar5611804502728711499\bin\protoc.exe
2020-03-29 01:01:35,393 [Worker-8: Updating Maven Project] INFO  o.e.m.c.i.embedder.EclipseLogger - Input directories:
2020-03-29 01:01:35,394 [Worker-8: Updating Maven Project] INFO  o.e.m.c.i.embedder.EclipseLogger -     C:\packetSizeTest\ServerWork\server2020\src\main\protobuf
2020-03-29 01:01:35,394 [Worker-8: Updating Maven Project] INFO  o.e.m.c.i.embedder.EclipseLogger - Output targets:
2020-03-29 01:01:35,394 [Worker-8: Updating Maven Project] INFO  o.e.m.c.i.embedder.EclipseLogger -     java: C:\packetSizeTest\ServerWork\server2020\src\main\java (add: none, clean: false, plugin: null, outputOptions: null)
2020-03-29 01:01:35,417 [Worker-8: Updating Maven Project] INFO  o.e.m.c.i.embedder.EclipseLogger - Not changed C:\packetSizeTest\ServerWork\server2020\src\main\protobuf\Message.proto
2020-03-29 01:01:35,417 [Worker-8: Updating Maven Project] INFO  o.e.m.c.i.embedder.EclipseLogger - Not changed C:\packetSizeTest\ServerWork\server2020\src\main\protobuf\RequestPayload.proto
2020-03-29 01:01:35,417 [Worker-8: Updating Maven Project] INFO  o.e.m.c.i.embedder.EclipseLogger - Not changed C:\packetSizeTest\ServerWork\server2020\src\main\protobuf\ResponsePayload.proto
2020-03-29 01:01:35,570 [Worker-8: Updating Maven Project] INFO  o.e.m.j.i.AbstractJavaProjectConfigurator - Adding source folder /server2020/src/main/java
2020-03-29 01:01:35,571 [Worker-8: Updating Maven Project] INFO  o.e.m.j.i.AbstractJavaProjectConfigurator - Adding source folder /server2020/src/test/java
2020-03-29 01:01:35,733 [Worker-8: Updating Maven Project] INFO  o.e.m.c.i.p.ProjectConfigurationManager - Update completed: 1 sec
2020-03-29 01:01:36,043 [Worker-8: Building workspace] INFO  o.e.m.c.i.embedder.EclipseLogger - Protoc version: 2.6.1
2020-03-29 01:01:36,066 [Worker-8: Building workspace] INFO  o.e.m.c.i.embedder.EclipseLogger - Protoc command: C:\Users\xiezi\AppData\Local\Temp\protocjar3134634684365905344\bin\protoc.exe
2020-03-29 01:01:36,067 [Worker-8: Building workspace] INFO  o.e.m.c.i.embedder.EclipseLogger - Input directories:
2020-03-29 01:01:36,067 [Worker-8: Building workspace] INFO  o.e.m.c.i.embedder.EclipseLogger -     C:\packetSizeTest\ServerWork\server2020\src\main\protobuf
2020-03-29 01:01:36,067 [Worker-8: Building workspace] INFO  o.e.m.c.i.embedder.EclipseLogger - Output targets:
2020-03-29 01:01:36,067 [Worker-8: Building workspace] INFO  o.e.m.c.i.embedder.EclipseLogger -     java: C:\packetSizeTest\ServerWork\server2020\src\main\java (add: none, clean: false, plugin: null, outputOptions: null)
2020-03-29 01:01:36,069 [Worker-8: Building workspace] INFO  o.e.m.c.i.embedder.EclipseLogger -     Processing (java): Message.proto
2020-03-29 01:01:36,769 [Worker-8: Building workspace] INFO  o.e.m.c.i.embedder.EclipseLogger -     Processing (java): RequestPayload.proto
2020-03-29 01:01:37,437 [Worker-8: Building workspace] INFO  o.e.m.c.i.embedder.EclipseLogger -     Processing (java): ResponsePayload.proto
2020-03-29 01:01:37,791 [Worker-8: Building workspace] INFO  o.e.m.c.i.embedder.EclipseLogger - Using 'UTF-8' encoding to copy filtered resources.
2020-03-29 01:01:37,791 [Worker-8: Building workspace] INFO  o.e.m.c.i.embedder.EclipseLogger - skip non existing resourceDirectory C:\packetSizeTest\ServerWork\server2020\src\main\resources
2020-03-29 01:01:37,792 [Worker-8: Building workspace] INFO  o.e.m.c.i.embedder.EclipseLogger - Using 'UTF-8' encoding to copy filtered resources.
2020-03-29 01:01:37,793 [Worker-8: Building workspace] INFO  o.e.m.c.i.embedder.EclipseLogger - skip non existing resourceDirectory C:\packetSizeTest\ServerWork\server2020\src\test\resources
2020-03-29 01:02:23,955 [Worker-3: Building workspace] INFO  o.e.m.c.i.embedder.EclipseLogger - Protoc version: 2.6.1
2020-03-29 01:02:23,979 [Worker-3: Building workspace] INFO  o.e.m.c.i.embedder.EclipseLogger - Protoc command: C:\Users\xiezi\AppData\Local\Temp\protocjar7110399999853701348\bin\protoc.exe
2020-03-29 01:02:23,980 [Worker-3: Building workspace] INFO  o.e.m.c.i.embedder.EclipseLogger - Input directories:
2020-03-29 01:02:23,980 [Worker-3: Building workspace] INFO  o.e.m.c.i.embedder.EclipseLogger -     C:\packetSizeTest\ServerWork\server2020\src\main\protobuf
2020-03-29 01:02:23,980 [Worker-3: Building workspace] INFO  o.e.m.c.i.embedder.EclipseLogger - Output targets:
2020-03-29 01:02:23,980 [Worker-3: Building workspace] INFO  o.e.m.c.i.embedder.EclipseLogger -     java: C:\packetSizeTest\ServerWork\server2020\src\main\java (add: none, clean: false, plugin: null, outputOptions: null)
2020-03-29 01:02:23,983 [Worker-3: Building workspace] INFO  o.e.m.c.i.embedder.EclipseLogger - Not changed C:\packetSizeTest\ServerWork\server2020\src\main\protobuf\Message.proto
2020-03-29 01:02:23,983 [Worker-3: Building workspace] INFO  o.e.m.c.i.embedder.EclipseLogger - Not changed C:\packetSizeTest\ServerWork\server2020\src\main\protobuf\RequestPayload.proto
2020-03-29 01:02:23,983 [Worker-3: Building workspace] INFO  o.e.m.c.i.embedder.EclipseLogger - Not changed C:\packetSizeTest\ServerWork\server2020\src\main\protobuf\ResponsePayload.proto
2020-03-29 01:02:23,985 [Worker-3: Building workspace] INFO  o.e.m.c.i.embedder.EclipseLogger - Using 'UTF-8' encoding to copy filtered resources.
2020-03-29 01:02:23,985 [Worker-3: Building workspace] INFO  o.e.m.c.i.embedder.EclipseLogger - skip non existing resourceDirectory C:\packetSizeTest\ServerWork\server2020\src\main\resources
2020-03-29 01:02:23,986 [Worker-3: Building workspace] INFO  o.e.m.c.i.embedder.EclipseLogger - Using 'UTF-8' encoding to copy filtered resources.
2020-03-29 01:02:23,986 [Worker-3: Building workspace] INFO  o.e.m.c.i.embedder.EclipseLogger - skip non existing resourceDirectory C:\packetSizeTest\ServerWork\server2020\src\test\resources
2020-03-29 01:06:47,824 [Worker-14: Building workspace] INFO  o.e.m.c.i.embedder.EclipseLogger - Protoc version: 2.6.1
2020-03-29 01:06:48,297 [Worker-14: Building workspace] INFO  o.e.m.c.i.embedder.EclipseLogger - Protoc command: C:\Users\xiezi\AppData\Local\Temp\protocjar1242728616634654263\bin\protoc.exe
2020-03-29 01:06:48,298 [Worker-14: Building workspace] INFO  o.e.m.c.i.embedder.EclipseLogger - Input directories:
2020-03-29 01:06:48,298 [Worker-14: Building workspace] INFO  o.e.m.c.i.embedder.EclipseLogger -     C:\packetSizeTest\ServerWork\server2020\src\main\protobuf
2020-03-29 01:06:48,298 [Worker-14: Building workspace] INFO  o.e.m.c.i.embedder.EclipseLogger - Output targets:
2020-03-29 01:06:48,299 [Worker-14: Building workspace] INFO  o.e.m.c.i.embedder.EclipseLogger -     java: C:\packetSizeTest\ServerWork\server2020\src\main\java (add: none, clean: false, plugin: null, outputOptions: null)
2020-03-29 01:06:48,302 [Worker-14: Building workspace] INFO  o.e.m.c.i.embedder.EclipseLogger - Not changed C:\packetSizeTest\ServerWork\server2020\src\main\protobuf\Message.proto
2020-03-29 01:06:48,302 [Worker-14: Building workspace] INFO  o.e.m.c.i.embedder.EclipseLogger - Not changed C:\packetSizeTest\ServerWork\server2020\src\main\protobuf\RequestPayload.proto
2020-03-29 01:06:48,302 [Worker-14: Building workspace] INFO  o.e.m.c.i.embedder.EclipseLogger - Not changed C:\packetSizeTest\ServerWork\server2020\src\main\protobuf\ResponsePayload.proto
2020-03-29 01:06:48,303 [Worker-14: Building workspace] INFO  o.e.m.c.i.embedder.EclipseLogger - Using 'UTF-8' encoding to copy filtered resources.
2020-03-29 01:06:48,304 [Worker-14: Building workspace] INFO  o.e.m.c.i.embedder.EclipseLogger - skip non existing resourceDirectory C:\packetSizeTest\ServerWork\server2020\src\main\resources
2020-03-29 01:06:48,305 [Worker-14: Building workspace] INFO  o.e.m.c.i.embedder.EclipseLogger - Using 'UTF-8' encoding to copy filtered resources.
2020-03-29 01:06:48,305 [Worker-14: Building workspace] INFO  o.e.m.c.i.embedder.EclipseLogger - skip non existing resourceDirectory C:\packetSizeTest\ServerWork\server2020\src\test\resources
2020-03-29 01:07:11,541 [Worker-14: Building workspace] INFO  o.e.m.c.i.embedder.EclipseLogger - Protoc version: 2.6.1
2020-03-29 01:07:11,567 [Worker-14: Building workspace] INFO  o.e.m.c.i.embedder.EclipseLogger - Protoc command: C:\Users\xiezi\AppData\Local\Temp\protocjar6496702496131134776\bin\protoc.exe
2020-03-29 01:07:11,567 [Worker-14: Building workspace] INFO  o.e.m.c.i.embedder.EclipseLogger - Input directories:
2020-03-29 01:07:11,567 [Worker-14: Building workspace] INFO  o.e.m.c.i.embedder.EclipseLogger -     C:\packetSizeTest\ServerWork\server2020\src\main\protobuf
2020-03-29 01:07:11,567 [Worker-14: Building workspace] INFO  o.e.m.c.i.embedder.EclipseLogger - Output targets:
2020-03-29 01:07:11,567 [Worker-14: Building workspace] INFO  o.e.m.c.i.embedder.EclipseLogger -     java: C:\packetSizeTest\ServerWork\server2020\src\main\java (add: none, clean: false, plugin: null, outputOptions: null)
2020-03-29 01:07:11,569 [Worker-14: Building workspace] INFO  o.e.m.c.i.embedder.EclipseLogger - Not changed C:\packetSizeTest\ServerWork\server2020\src\main\protobuf\Message.proto
2020-03-29 01:07:11,569 [Worker-14: Building workspace] INFO  o.e.m.c.i.embedder.EclipseLogger - Not changed C:\packetSizeTest\ServerWork\server2020\src\main\protobuf\RequestPayload.proto
2020-03-29 01:07:11,570 [Worker-14: Building workspace] INFO  o.e.m.c.i.embedder.EclipseLogger - Not changed C:\packetSizeTest\ServerWork\server2020\src\main\protobuf\ResponsePayload.proto
2020-03-29 01:07:11,570 [Worker-14: Building workspace] INFO  o.e.m.c.i.embedder.EclipseLogger - Using 'UTF-8' encoding to copy filtered resources.
2020-03-29 01:07:11,570 [Worker-14: Building workspace] INFO  o.e.m.c.i.embedder.EclipseLogger - skip non existing resourceDirectory C:\packetSizeTest\ServerWork\server2020\src\main\resources
2020-03-29 01:07:11,571 [Worker-14: Building workspace] INFO  o.e.m.c.i.embedder.EclipseLogger - Using 'UTF-8' encoding to copy filtered resources.
2020-03-29 01:07:11,572 [Worker-14: Building workspace] INFO  o.e.m.c.i.embedder.EclipseLogger - skip non existing resourceDirectory C:\packetSizeTest\ServerWork\server2020\src\test\resources
2020-03-29 01:09:35,275 [Worker-16: Building workspace] INFO  o.e.m.c.i.embedder.EclipseLogger - Protoc version: 2.6.1
2020-03-29 01:09:35,303 [Worker-16: Building workspace] INFO  o.e.m.c.i.embedder.EclipseLogger - Protoc command: C:\Users\xiezi\AppData\Local\Temp\protocjar7473372605440348500\bin\protoc.exe
2020-03-29 01:09:35,304 [Worker-16: Building workspace] INFO  o.e.m.c.i.embedder.EclipseLogger - Input directories:
2020-03-29 01:09:35,304 [Worker-16: Building workspace] INFO  o.e.m.c.i.embedder.EclipseLogger -     C:\packetSizeTest\ServerWork\server2020\src\main\protobuf
2020-03-29 01:09:35,304 [Worker-16: Building workspace] INFO  o.e.m.c.i.embedder.EclipseLogger - Output targets:
2020-03-29 01:09:35,304 [Worker-16: Building workspace] INFO  o.e.m.c.i.embedder.EclipseLogger -     java: C:\packetSizeTest\ServerWork\server2020\src\main\java (add: none, clean: false, plugin: null, outputOptions: null)
2020-03-29 01:09:35,306 [Worker-16: Building workspace] INFO  o.e.m.c.i.embedder.EclipseLogger - Not changed C:\packetSizeTest\ServerWork\server2020\src\main\protobuf\Message.proto
2020-03-29 01:09:35,306 [Worker-16: Building workspace] INFO  o.e.m.c.i.embedder.EclipseLogger - Not changed C:\packetSizeTest\ServerWork\server2020\src\main\protobuf\RequestPayload.proto
2020-03-29 01:09:35,306 [Worker-16: Building workspace] INFO  o.e.m.c.i.embedder.EclipseLogger - Not changed C:\packetSizeTest\ServerWork\server2020\src\main\protobuf\ResponsePayload.proto
2020-03-29 01:09:35,308 [Worker-16: Building workspace] INFO  o.e.m.c.i.embedder.EclipseLogger - Using 'UTF-8' encoding to copy filtered resources.
2020-03-29 01:09:35,308 [Worker-16: Building workspace] INFO  o.e.m.c.i.embedder.EclipseLogger - skip non existing resourceDirectory C:\packetSizeTest\ServerWork\server2020\src\main\resources
2020-03-29 01:09:35,309 [Worker-16: Building workspace] INFO  o.e.m.c.i.embedder.EclipseLogger - Using 'UTF-8' encoding to copy filtered resources.
2020-03-29 01:09:35,310 [Worker-16: Building workspace] INFO  o.e.m.c.i.embedder.EclipseLogger - skip non existing resourceDirectory C:\packetSizeTest\ServerWork\server2020\src\test\resources
2020-03-29 01:10:03,158 [Worker-13: Building workspace] INFO  o.e.m.c.i.embedder.EclipseLogger - Protoc version: 2.6.1
2020-03-29 01:10:03,219 [Worker-13: Building workspace] INFO  o.e.m.c.i.embedder.EclipseLogger - Protoc command: C:\Users\xiezi\AppData\Local\Temp\protocjar383296097953103604\bin\protoc.exe
2020-03-29 01:10:03,220 [Worker-13: Building workspace] INFO  o.e.m.c.i.embedder.EclipseLogger - Input directories:
2020-03-29 01:10:03,220 [Worker-13: Building workspace] INFO  o.e.m.c.i.embedder.EclipseLogger -     C:\packetSizeTest\ServerWork\server2020\src\main\protobuf
2020-03-29 01:10:03,220 [Worker-13: Building workspace] INFO  o.e.m.c.i.embedder.EclipseLogger - Output targets:
2020-03-29 01:10:03,220 [Worker-13: Building workspace] INFO  o.e.m.c.i.embedder.EclipseLogger -     java: C:\packetSizeTest\ServerWork\server2020\src\main\java (add: none, clean: false, plugin: null, outputOptions: null)
2020-03-29 01:10:03,222 [Worker-13: Building workspace] INFO  o.e.m.c.i.embedder.EclipseLogger - Not changed C:\packetSizeTest\ServerWork\server2020\src\main\protobuf\Message.proto
2020-03-29 01:10:03,222 [Worker-13: Building workspace] INFO  o.e.m.c.i.embedder.EclipseLogger - Not changed C:\packetSizeTest\ServerWork\server2020\src\main\protobuf\RequestPayload.proto
2020-03-29 01:10:03,222 [Worker-13: Building workspace] INFO  o.e.m.c.i.embedder.EclipseLogger - Not changed C:\packetSizeTest\ServerWork\server2020\src\main\protobuf\ResponsePayload.proto
2020-03-29 01:10:03,223 [Worker-13: Building workspace] INFO  o.e.m.c.i.embedder.EclipseLogger - Using 'UTF-8' encoding to copy filtered resources.
2020-03-29 01:10:03,223 [Worker-13: Building workspace] INFO  o.e.m.c.i.embedder.EclipseLogger - skip non existing resourceDirectory C:\packetSizeTest\ServerWork\server2020\src\main\resources
2020-03-29 01:10:03,225 [Worker-13: Building workspace] INFO  o.e.m.c.i.embedder.EclipseLogger - Using 'UTF-8' encoding to copy filtered resources.
2020-03-29 01:10:03,225 [Worker-13: Building workspace] INFO  o.e.m.c.i.embedder.EclipseLogger - skip non existing resourceDirectory C:\packetSizeTest\ServerWork\server2020\src\test\resources
2020-03-29 01:10:21,122 [Worker-15: Building workspace] INFO  o.e.m.c.i.embedder.EclipseLogger - Protoc version: 2.6.1
2020-03-29 01:10:21,151 [Worker-15: Building workspace] INFO  o.e.m.c.i.embedder.EclipseLogger - Protoc command: C:\Users\xiezi\AppData\Local\Temp\protocjar4373193628680256460\bin\protoc.exe
2020-03-29 01:10:21,151 [Worker-15: Building workspace] INFO  o.e.m.c.i.embedder.EclipseLogger - Input directories:
2020-03-29 01:10:21,151 [Worker-15: Building workspace] INFO  o.e.m.c.i.embedder.EclipseLogger -     C:\packetSizeTest\ServerWork\server2020\src\main\protobuf
2020-03-29 01:10:21,151 [Worker-15: Building workspace] INFO  o.e.m.c.i.embedder.EclipseLogger - Output targets:
2020-03-29 01:10:21,151 [Worker-15: Building workspace] INFO  o.e.m.c.i.embedder.EclipseLogger -     java: C:\packetSizeTest\ServerWork\server2020\src\main\java (add: none, clean: false, plugin: null, outputOptions: null)
2020-03-29 01:10:21,153 [Worker-15: Building workspace] INFO  o.e.m.c.i.embedder.EclipseLogger - Not changed C:\packetSizeTest\ServerWork\server2020\src\main\protobuf\Message.proto
2020-03-29 01:10:21,153 [Worker-15: Building workspace] INFO  o.e.m.c.i.embedder.EclipseLogger - Not changed C:\packetSizeTest\ServerWork\server2020\src\main\protobuf\RequestPayload.proto
2020-03-29 01:10:21,154 [Worker-15: Building workspace] INFO  o.e.m.c.i.embedder.EclipseLogger - Not changed C:\packetSizeTest\ServerWork\server2020\src\main\protobuf\ResponsePayload.proto
2020-03-29 01:10:21,156 [Worker-15: Building workspace] INFO  o.e.m.c.i.embedder.EclipseLogger - Using 'UTF-8' encoding to copy filtered resources.
2020-03-29 01:10:21,156 [Worker-15: Building workspace] INFO  o.e.m.c.i.embedder.EclipseLogger - skip non existing resourceDirectory C:\packetSizeTest\ServerWork\server2020\src\main\resources
2020-03-29 01:10:21,157 [Worker-15: Building workspace] INFO  o.e.m.c.i.embedder.EclipseLogger - Using 'UTF-8' encoding to copy filtered resources.
2020-03-29 01:10:21,158 [Worker-15: Building workspace] INFO  o.e.m.c.i.embedder.EclipseLogger - skip non existing resourceDirectory C:\packetSizeTest\ServerWork\server2020\src\test\resources
2020-03-29 01:10:27,808 [Worker-14: Building workspace] INFO  o.e.m.c.i.embedder.EclipseLogger - Protoc version: 2.6.1
2020-03-29 01:10:27,860 [Worker-14: Building workspace] INFO  o.e.m.c.i.embedder.EclipseLogger - Protoc command: C:\Users\xiezi\AppData\Local\Temp\protocjar5360753743649182333\bin\protoc.exe
2020-03-29 01:10:27,860 [Worker-14: Building workspace] INFO  o.e.m.c.i.embedder.EclipseLogger - Input directories:
2020-03-29 01:10:27,860 [Worker-14: Building workspace] INFO  o.e.m.c.i.embedder.EclipseLogger -     C:\packetSizeTest\ServerWork\server2020\src\main\protobuf
2020-03-29 01:10:27,861 [Worker-14: Building workspace] INFO  o.e.m.c.i.embedder.EclipseLogger - Output targets:
2020-03-29 01:10:27,861 [Worker-14: Building workspace] INFO  o.e.m.c.i.embedder.EclipseLogger -     java: C:\packetSizeTest\ServerWork\server2020\src\main\java (add: none, clean: false, plugin: null, outputOptions: null)
2020-03-29 01:10:27,863 [Worker-14: Building workspace] INFO  o.e.m.c.i.embedder.EclipseLogger - Not changed C:\packetSizeTest\ServerWork\server2020\src\main\protobuf\Message.proto
2020-03-29 01:10:27,864 [Worker-14: Building workspace] INFO  o.e.m.c.i.embedder.EclipseLogger - Not changed C:\packetSizeTest\ServerWork\server2020\src\main\protobuf\RequestPayload.proto
2020-03-29 01:10:27,864 [Worker-14: Building workspace] INFO  o.e.m.c.i.embedder.EclipseLogger - Not changed C:\packetSizeTest\ServerWork\server2020\src\main\protobuf\ResponsePayload.proto
2020-03-29 01:10:27,865 [Worker-14: Building workspace] INFO  o.e.m.c.i.embedder.EclipseLogger - Using 'UTF-8' encoding to copy filtered resources.
2020-03-29 01:10:27,865 [Worker-14: Building workspace] INFO  o.e.m.c.i.embedder.EclipseLogger - skip non existing resourceDirectory C:\packetSizeTest\ServerWork\server2020\src\main\resources
2020-03-29 01:10:27,867 [Worker-14: Building workspace] INFO  o.e.m.c.i.embedder.EclipseLogger - Using 'UTF-8' encoding to copy filtered resources.
2020-03-29 01:10:27,867 [Worker-14: Building workspace] INFO  o.e.m.c.i.embedder.EclipseLogger - skip non existing resourceDirectory C:\packetSizeTest\ServerWork\server2020\src\test\resources
2020-03-29 01:12:23,433 [Worker-0: Building workspace] INFO  o.e.m.c.i.embedder.EclipseLogger - Protoc version: 2.6.1
2020-03-29 01:12:23,461 [Worker-0: Building workspace] INFO  o.e.m.c.i.embedder.EclipseLogger - Protoc command: C:\Users\xiezi\AppData\Local\Temp\protocjar8325400210224356357\bin\protoc.exe
2020-03-29 01:12:23,462 [Worker-0: Building workspace] INFO  o.e.m.c.i.embedder.EclipseLogger - Input directories:
2020-03-29 01:12:23,470 [Worker-0: Building workspace] INFO  o.e.m.c.i.embedder.EclipseLogger -     C:\packetSizeTest\ServerWork\server2020\src\main\protobuf
2020-03-29 01:12:23,472 [Worker-0: Building workspace] INFO  o.e.m.c.i.embedder.EclipseLogger - Output targets:
2020-03-29 01:12:23,476 [Worker-0: Building workspace] INFO  o.e.m.c.i.embedder.EclipseLogger -     java: C:\packetSizeTest\ServerWork\server2020\src\main\java (add: none, clean: false, plugin: null, outputOptions: null)
2020-03-29 01:12:23,477 [Worker-0: Building workspace] INFO  o.e.m.c.i.embedder.EclipseLogger - Not changed C:\packetSizeTest\ServerWork\server2020\src\main\protobuf\Message.proto
2020-03-29 01:12:23,478 [Worker-0: Building workspace] INFO  o.e.m.c.i.embedder.EclipseLogger - Not changed C:\packetSizeTest\ServerWork\server2020\src\main\protobuf\RequestPayload.proto
2020-03-29 01:12:23,478 [Worker-0: Building workspace] INFO  o.e.m.c.i.embedder.EclipseLogger - Not changed C:\packetSizeTest\ServerWork\server2020\src\main\protobuf\ResponsePayload.proto
2020-03-29 01:12:23,479 [Worker-0: Building workspace] INFO  o.e.m.c.i.embedder.EclipseLogger - Using 'UTF-8' encoding to copy filtered resources.
2020-03-29 01:12:23,479 [Worker-0: Building workspace] INFO  o.e.m.c.i.embedder.EclipseLogger - skip non existing resourceDirectory C:\packetSizeTest\ServerWork\server2020\src\main\resources
2020-03-29 01:12:23,481 [Worker-0: Building workspace] INFO  o.e.m.c.i.embedder.EclipseLogger - Using 'UTF-8' encoding to copy filtered resources.
2020-03-29 01:12:23,481 [Worker-0: Building workspace] INFO  o.e.m.c.i.embedder.EclipseLogger - skip non existing resourceDirectory C:\packetSizeTest\ServerWork\server2020\src\test\resources
2020-03-29 01:13:08,364 [Worker-16: Building workspace] INFO  o.e.m.c.i.embedder.EclipseLogger - Protoc version: 2.6.1
2020-03-29 01:13:08,391 [Worker-16: Building workspace] INFO  o.e.m.c.i.embedder.EclipseLogger - Protoc command: C:\Users\xiezi\AppData\Local\Temp\protocjar4483681410096285922\bin\protoc.exe
2020-03-29 01:13:08,391 [Worker-16: Building workspace] INFO  o.e.m.c.i.embedder.EclipseLogger - Input directories:
2020-03-29 01:13:08,391 [Worker-16: Building workspace] INFO  o.e.m.c.i.embedder.EclipseLogger -     C:\packetSizeTest\ServerWork\server2020\src\main\protobuf
2020-03-29 01:13:08,391 [Worker-16: Building workspace] INFO  o.e.m.c.i.embedder.EclipseLogger - Output targets:
2020-03-29 01:13:08,391 [Worker-16: Building workspace] INFO  o.e.m.c.i.embedder.EclipseLogger -     java: C:\packetSizeTest\ServerWork\server2020\src\main\java (add: none, clean: false, plugin: null, outputOptions: null)
2020-03-29 01:13:08,394 [Worker-16: Building workspace] INFO  o.e.m.c.i.embedder.EclipseLogger - Not changed C:\packetSizeTest\ServerWork\server2020\src\main\protobuf\Message.proto
2020-03-29 01:13:08,394 [Worker-16: Building workspace] INFO  o.e.m.c.i.embedder.EclipseLogger - Not changed C:\packetSizeTest\ServerWork\server2020\src\main\protobuf\RequestPayload.proto
2020-03-29 01:13:08,394 [Worker-16: Building workspace] INFO  o.e.m.c.i.embedder.EclipseLogger - Not changed C:\packetSizeTest\ServerWork\server2020\src\main\protobuf\ResponsePayload.proto
2020-03-29 01:13:08,395 [Worker-16: Building workspace] INFO  o.e.m.c.i.embedder.EclipseLogger - Using 'UTF-8' encoding to copy filtered resources.
2020-03-29 01:13:08,395 [Worker-16: Building workspace] INFO  o.e.m.c.i.embedder.EclipseLogger - skip non existing resourceDirectory C:\packetSizeTest\ServerWork\server2020\src\main\resources
2020-03-29 01:13:08,396 [Worker-16: Building workspace] INFO  o.e.m.c.i.embedder.EclipseLogger - Using 'UTF-8' encoding to copy filtered resources.
2020-03-29 01:13:08,396 [Worker-16: Building workspace] INFO  o.e.m.c.i.embedder.EclipseLogger - skip non existing resourceDirectory C:\packetSizeTest\ServerWork\server2020\src\test\resources
2020-03-29 01:15:04,727 [Worker-14: Building workspace] INFO  o.e.m.c.i.embedder.EclipseLogger - Protoc version: 2.6.1
2020-03-29 01:15:04,829 [Worker-14: Building workspace] INFO  o.e.m.c.i.embedder.EclipseLogger - Protoc command: C:\Users\xiezi\AppData\Local\Temp\protocjar4369437563662221714\bin\protoc.exe
2020-03-29 01:15:04,829 [Worker-14: Building workspace] INFO  o.e.m.c.i.embedder.EclipseLogger - Input directories:
2020-03-29 01:15:04,829 [Worker-14: Building workspace] INFO  o.e.m.c.i.embedder.EclipseLogger -     C:\packetSizeTest\ServerWork\server2020\src\main\protobuf
2020-03-29 01:15:04,829 [Worker-14: Building workspace] INFO  o.e.m.c.i.embedder.EclipseLogger - Output targets:
2020-03-29 01:15:04,830 [Worker-14: Building workspace] INFO  o.e.m.c.i.embedder.EclipseLogger -     java: C:\packetSizeTest\ServerWork\server2020\src\main\java (add: none, clean: false, plugin: null, outputOptions: null)
2020-03-29 01:15:04,832 [Worker-14: Building workspace] INFO  o.e.m.c.i.embedder.EclipseLogger - Not changed C:\packetSizeTest\ServerWork\server2020\src\main\protobuf\Message.proto
2020-03-29 01:15:04,832 [Worker-14: Building workspace] INFO  o.e.m.c.i.embedder.EclipseLogger - Not changed C:\packetSizeTest\ServerWork\server2020\src\main\protobuf\RequestPayload.proto
2020-03-29 01:15:04,832 [Worker-14: Building workspace] INFO  o.e.m.c.i.embedder.EclipseLogger - Not changed C:\packetSizeTest\ServerWork\server2020\src\main\protobuf\ResponsePayload.proto
2020-03-29 01:15:04,833 [Worker-14: Building workspace] INFO  o.e.m.c.i.embedder.EclipseLogger - Using 'UTF-8' encoding to copy filtered resources.
2020-03-29 01:15:04,834 [Worker-14: Building workspace] INFO  o.e.m.c.i.embedder.EclipseLogger - skip non existing resourceDirectory C:\packetSizeTest\ServerWork\server2020\src\main\resources
2020-03-29 01:15:04,834 [Worker-14: Building workspace] INFO  o.e.m.c.i.embedder.EclipseLogger - Using 'UTF-8' encoding to copy filtered resources.
2020-03-29 01:15:04,835 [Worker-14: Building workspace] INFO  o.e.m.c.i.embedder.EclipseLogger - skip non existing resourceDirectory C:\packetSizeTest\ServerWork\server2020\src\test\resources
2020-03-29 01:17:18,225 [Worker-14: Building workspace] INFO  o.e.m.c.i.embedder.EclipseLogger - Protoc version: 2.6.1
2020-03-29 01:17:18,247 [Worker-14: Building workspace] INFO  o.e.m.c.i.embedder.EclipseLogger - Protoc command: C:\Users\xiezi\AppData\Local\Temp\protocjar3959783493805378112\bin\protoc.exe
2020-03-29 01:17:18,247 [Worker-14: Building workspace] INFO  o.e.m.c.i.embedder.EclipseLogger - Input directories:
2020-03-29 01:17:18,247 [Worker-14: Building workspace] INFO  o.e.m.c.i.embedder.EclipseLogger -     C:\packetSizeTest\ServerWork\server2020\src\main\protobuf
2020-03-29 01:17:18,247 [Worker-14: Building workspace] INFO  o.e.m.c.i.embedder.EclipseLogger - Output targets:
2020-03-29 01:17:18,247 [Worker-14: Building workspace] INFO  o.e.m.c.i.embedder.EclipseLogger -     java: C:\packetSizeTest\ServerWork\server2020\src\main\java (add: none, clean: false, plugin: null, outputOptions: null)
2020-03-29 01:17:18,249 [Worker-14: Building workspace] INFO  o.e.m.c.i.embedder.EclipseLogger - Not changed C:\packetSizeTest\ServerWork\server2020\src\main\protobuf\Message.proto
2020-03-29 01:17:18,249 [Worker-14: Building workspace] INFO  o.e.m.c.i.embedder.EclipseLogger - Not changed C:\packetSizeTest\ServerWork\server2020\src\main\protobuf\RequestPayload.proto
2020-03-29 01:17:18,249 [Worker-14: Building workspace] INFO  o.e.m.c.i.embedder.EclipseLogger - Not changed C:\packetSizeTest\ServerWork\server2020\src\main\protobuf\ResponsePayload.proto
2020-03-29 01:17:18,251 [Worker-14: Building workspace] INFO  o.e.m.c.i.embedder.EclipseLogger - Using 'UTF-8' encoding to copy filtered resources.
2020-03-29 01:17:18,251 [Worker-14: Building workspace] INFO  o.e.m.c.i.embedder.EclipseLogger - skip non existing resourceDirectory C:\packetSizeTest\ServerWork\server2020\src\main\resources
2020-03-29 01:17:18,252 [Worker-14: Building workspace] INFO  o.e.m.c.i.embedder.EclipseLogger - Using 'UTF-8' encoding to copy filtered resources.
2020-03-29 01:17:18,252 [Worker-14: Building workspace] INFO  o.e.m.c.i.embedder.EclipseLogger - skip non existing resourceDirectory C:\packetSizeTest\ServerWork\server2020\src\test\resources
2020-03-29 01:17:31,718 [Worker-0: Building workspace] INFO  o.e.m.c.i.embedder.EclipseLogger - Protoc version: 2.6.1
2020-03-29 01:17:31,750 [Worker-0: Building workspace] INFO  o.e.m.c.i.embedder.EclipseLogger - Protoc command: C:\Users\xiezi\AppData\Local\Temp\protocjar6329551556272385112\bin\protoc.exe
2020-03-29 01:17:31,750 [Worker-0: Building workspace] INFO  o.e.m.c.i.embedder.EclipseLogger - Input directories:
2020-03-29 01:17:31,750 [Worker-0: Building workspace] INFO  o.e.m.c.i.embedder.EclipseLogger -     C:\packetSizeTest\ServerWork\server2020\src\main\protobuf
2020-03-29 01:17:31,750 [Worker-0: Building workspace] INFO  o.e.m.c.i.embedder.EclipseLogger - Output targets:
2020-03-29 01:17:31,750 [Worker-0: Building workspace] INFO  o.e.m.c.i.embedder.EclipseLogger -     java: C:\packetSizeTest\ServerWork\server2020\src\main\java (add: none, clean: false, plugin: null, outputOptions: null)
2020-03-29 01:17:31,751 [Worker-0: Building workspace] INFO  o.e.m.c.i.embedder.EclipseLogger - Not changed C:\packetSizeTest\ServerWork\server2020\src\main\protobuf\Message.proto
2020-03-29 01:17:31,752 [Worker-0: Building workspace] INFO  o.e.m.c.i.embedder.EclipseLogger - Not changed C:\packetSizeTest\ServerWork\server2020\src\main\protobuf\RequestPayload.proto
2020-03-29 01:17:31,752 [Worker-0: Building workspace] INFO  o.e.m.c.i.embedder.EclipseLogger - Not changed C:\packetSizeTest\ServerWork\server2020\src\main\protobuf\ResponsePayload.proto
2020-03-29 01:17:31,753 [Worker-0: Building workspace] INFO  o.e.m.c.i.embedder.EclipseLogger - Using 'UTF-8' encoding to copy filtered resources.
2020-03-29 01:17:31,753 [Worker-0: Building workspace] INFO  o.e.m.c.i.embedder.EclipseLogger - skip non existing resourceDirectory C:\packetSizeTest\ServerWork\server2020\src\main\resources
2020-03-29 01:17:31,754 [Worker-0: Building workspace] INFO  o.e.m.c.i.embedder.EclipseLogger - Using 'UTF-8' encoding to copy filtered resources.
2020-03-29 01:17:31,754 [Worker-0: Building workspace] INFO  o.e.m.c.i.embedder.EclipseLogger - skip non existing resourceDirectory C:\packetSizeTest\ServerWork\server2020\src\test\resources
2020-03-29 01:17:53,630 [Worker-13: Resolving model org.eclipse.recommenders:index::zip:0.0.0] WARN  o.e.r.models.ModelRepository - Failed to download org.eclipse.recommenders:index::zip:0.0.0
org.eclipse.aether.resolution.ArtifactResolutionException: Could not find artifact org.eclipse.recommenders:index:zip:0.0.0-SNAPSHOT in models (http://download.eclipse.org/recommenders/models/photon/)
	at org.eclipse.aether.internal.impl.DefaultArtifactResolver.resolve(DefaultArtifactResolver.java:453) ~[na:na]
	at org.eclipse.aether.internal.impl.DefaultArtifactResolver.resolveArtifacts(DefaultArtifactResolver.java:255) ~[na:na]
	at org.eclipse.aether.internal.impl.DefaultArtifactResolver.resolveArtifact(DefaultArtifactResolver.java:232) ~[na:na]
	at org.eclipse.aether.internal.impl.DefaultRepositorySystem.resolveArtifact(DefaultRepositorySystem.java:303) ~[na:na]
	at org.eclipse.recommenders.models.ModelRepository.resolveInternal(ModelRepository.java:193) [org.eclipse.recommenders.models_2.5.3.v20180609-1554.jar:na]
	at org.eclipse.recommenders.models.ModelRepository.resolve(ModelRepository.java:172) [org.eclipse.recommenders.models_2.5.3.v20180609-1554.jar:na]
	at org.eclipse.recommenders.internal.models.rcp.EclipseModelRepository.resolve(EclipseModelRepository.java:168) [org.eclipse.recommenders.models.rcp_2.5.3.v20180609-1554.jar:na]
	at org.eclipse.recommenders.internal.models.rcp.DownloadModelArchiveJob.run(DownloadModelArchiveJob.java:76) [org.eclipse.recommenders.models.rcp_2.5.3.v20180609-1554.jar:na]
	at org.eclipse.core.internal.jobs.Worker.run(Worker.java:60) [org.eclipse.core.jobs_3.10.0.v20180427-1454.jar:na]
Caused by: org.eclipse.aether.transfer.ArtifactNotFoundException: Could not find artifact org.eclipse.recommenders:index:zip:0.0.0-SNAPSHOT in models (http://download.eclipse.org/recommenders/models/photon/)
	at org.eclipse.aether.connector.basic.ArtifactTransportListener.transferFailed(ArtifactTransportListener.java:48) ~[org.apache.maven.resolver.connector.basic_1.0.3.v20170405-0725.jar:1.0.3]
	at org.eclipse.aether.connector.basic.BasicRepositoryConnector$TaskRunner.run(BasicRepositoryConnector.java:364) ~[org.apache.maven.resolver.connector.basic_1.0.3.v20170405-0725.jar:1.0.3]
	at org.eclipse.aether.util.concurrency.RunnableErrorForwarder$1.run(RunnableErrorForwarder.java:76) ~[na:na]
	at org.eclipse.aether.connector.basic.BasicRepositoryConnector$DirectExecutor.execute(BasicRepositoryConnector.java:590) ~[org.apache.maven.resolver.connector.basic_1.0.3.v20170405-0725.jar:1.0.3]
	at org.eclipse.aether.connector.basic.BasicRepositoryConnector.get(BasicRepositoryConnector.java:258) ~[org.apache.maven.resolver.connector.basic_1.0.3.v20170405-0725.jar:1.0.3]
	at org.eclipse.aether.internal.impl.DefaultArtifactResolver.performDownloads(DefaultArtifactResolver.java:529) ~[na:na]
	at org.eclipse.aether.internal.impl.DefaultArtifactResolver.resolve(DefaultArtifactResolver.java:430) ~[na:na]
	... 8 common frames omitted
2020-03-29 01:18:03,465 [Worker-15: Building workspace] INFO  o.e.m.c.i.embedder.EclipseLogger - Protoc version: 2.6.1
2020-03-29 01:18:03,526 [Worker-15: Building workspace] INFO  o.e.m.c.i.embedder.EclipseLogger - Protoc command: C:\Users\xiezi\AppData\Local\Temp\protocjar3993002603591648339\bin\protoc.exe
2020-03-29 01:18:03,526 [Worker-15: Building workspace] INFO  o.e.m.c.i.embedder.EclipseLogger - Input directories:
2020-03-29 01:18:03,526 [Worker-15: Building workspace] INFO  o.e.m.c.i.embedder.EclipseLogger -     C:\packetSizeTest\ServerWork\server2020\src\main\protobuf
2020-03-29 01:18:03,526 [Worker-15: Building workspace] INFO  o.e.m.c.i.embedder.EclipseLogger - Output targets:
2020-03-29 01:18:03,526 [Worker-15: Building workspace] INFO  o.e.m.c.i.embedder.EclipseLogger -     java: C:\packetSizeTest\ServerWork\server2020\src\main\java (add: none, clean: false, plugin: null, outputOptions: null)
2020-03-29 01:18:03,529 [Worker-15: Building workspace] INFO  o.e.m.c.i.embedder.EclipseLogger - Not changed C:\packetSizeTest\ServerWork\server2020\src\main\protobuf\Message.proto
2020-03-29 01:18:03,529 [Worker-15: Building workspace] INFO  o.e.m.c.i.embedder.EclipseLogger - Not changed C:\packetSizeTest\ServerWork\server2020\src\main\protobuf\RequestPayload.proto
2020-03-29 01:18:03,529 [Worker-15: Building workspace] INFO  o.e.m.c.i.embedder.EclipseLogger - Not changed C:\packetSizeTest\ServerWork\server2020\src\main\protobuf\ResponsePayload.proto
2020-03-29 01:18:03,530 [Worker-15: Building workspace] INFO  o.e.m.c.i.embedder.EclipseLogger - Using 'UTF-8' encoding to copy filtered resources.
2020-03-29 01:18:03,530 [Worker-15: Building workspace] INFO  o.e.m.c.i.embedder.EclipseLogger - skip non existing resourceDirectory C:\packetSizeTest\ServerWork\server2020\src\main\resources
2020-03-29 01:18:03,531 [Worker-15: Building workspace] INFO  o.e.m.c.i.embedder.EclipseLogger - Using 'UTF-8' encoding to copy filtered resources.
2020-03-29 01:18:03,531 [Worker-15: Building workspace] INFO  o.e.m.c.i.embedder.EclipseLogger - skip non existing resourceDirectory C:\packetSizeTest\ServerWork\server2020\src\test\resources
2020-03-29 01:23:28,720 [Worker-14: Building workspace] INFO  o.e.m.c.i.embedder.EclipseLogger - Protoc version: 2.6.1
2020-03-29 01:23:28,756 [Worker-14: Building workspace] INFO  o.e.m.c.i.embedder.EclipseLogger - Protoc command: C:\Users\xiezi\AppData\Local\Temp\protocjar5179553100843273166\bin\protoc.exe
2020-03-29 01:23:28,756 [Worker-14: Building workspace] INFO  o.e.m.c.i.embedder.EclipseLogger - Input directories:
2020-03-29 01:23:28,756 [Worker-14: Building workspace] INFO  o.e.m.c.i.embedder.EclipseLogger -     C:\packetSizeTest\ServerWork\server2020\src\main\protobuf
2020-03-29 01:23:28,757 [Worker-14: Building workspace] INFO  o.e.m.c.i.embedder.EclipseLogger - Output targets:
2020-03-29 01:23:28,757 [Worker-14: Building workspace] INFO  o.e.m.c.i.embedder.EclipseLogger -     java: C:\packetSizeTest\ServerWork\server2020\src\main\java (add: none, clean: false, plugin: null, outputOptions: null)
2020-03-29 01:23:28,758 [Worker-14: Building workspace] INFO  o.e.m.c.i.embedder.EclipseLogger - Not changed C:\packetSizeTest\ServerWork\server2020\src\main\protobuf\Message.proto
2020-03-29 01:23:28,758 [Worker-14: Building workspace] INFO  o.e.m.c.i.embedder.EclipseLogger - Not changed C:\packetSizeTest\ServerWork\server2020\src\main\protobuf\RequestPayload.proto
2020-03-29 01:23:28,759 [Worker-14: Building workspace] INFO  o.e.m.c.i.embedder.EclipseLogger - Not changed C:\packetSizeTest\ServerWork\server2020\src\main\protobuf\ResponsePayload.proto
2020-03-29 01:23:28,760 [Worker-14: Building workspace] INFO  o.e.m.c.i.embedder.EclipseLogger - Using 'UTF-8' encoding to copy filtered resources.
2020-03-29 01:23:28,760 [Worker-14: Building workspace] INFO  o.e.m.c.i.embedder.EclipseLogger - skip non existing resourceDirectory C:\packetSizeTest\ServerWork\server2020\src\main\resources
2020-03-29 01:23:28,761 [Worker-14: Building workspace] INFO  o.e.m.c.i.embedder.EclipseLogger - Using 'UTF-8' encoding to copy filtered resources.
2020-03-29 01:23:28,761 [Worker-14: Building workspace] INFO  o.e.m.c.i.embedder.EclipseLogger - skip non existing resourceDirectory C:\packetSizeTest\ServerWork\server2020\src\test\resources
2020-03-29 01:24:59,827 [Worker-15: Building workspace] INFO  o.e.m.c.i.embedder.EclipseLogger - Protoc version: 2.6.1
2020-03-29 01:24:59,850 [Worker-15: Building workspace] INFO  o.e.m.c.i.embedder.EclipseLogger - Protoc command: C:\Users\xiezi\AppData\Local\Temp\protocjar5993103943257296644\bin\protoc.exe
2020-03-29 01:24:59,850 [Worker-15: Building workspace] INFO  o.e.m.c.i.embedder.EclipseLogger - Input directories:
2020-03-29 01:24:59,850 [Worker-15: Building workspace] INFO  o.e.m.c.i.embedder.EclipseLogger -     C:\packetSizeTest\ServerWork\server2020\src\main\protobuf
2020-03-29 01:24:59,850 [Worker-15: Building workspace] INFO  o.e.m.c.i.embedder.EclipseLogger - Output targets:
2020-03-29 01:24:59,850 [Worker-15: Building workspace] INFO  o.e.m.c.i.embedder.EclipseLogger -     java: C:\packetSizeTest\ServerWork\server2020\src\main\java (add: none, clean: false, plugin: null, outputOptions: null)
2020-03-29 01:24:59,852 [Worker-15: Building workspace] INFO  o.e.m.c.i.embedder.EclipseLogger - Not changed C:\packetSizeTest\ServerWork\server2020\src\main\protobuf\Message.proto
2020-03-29 01:24:59,853 [Worker-15: Building workspace] INFO  o.e.m.c.i.embedder.EclipseLogger - Not changed C:\packetSizeTest\ServerWork\server2020\src\main\protobuf\RequestPayload.proto
2020-03-29 01:24:59,853 [Worker-15: Building workspace] INFO  o.e.m.c.i.embedder.EclipseLogger - Not changed C:\packetSizeTest\ServerWork\server2020\src\main\protobuf\ResponsePayload.proto
2020-03-29 01:24:59,855 [Worker-15: Building workspace] INFO  o.e.m.c.i.embedder.EclipseLogger - Using 'UTF-8' encoding to copy filtered resources.
2020-03-29 01:24:59,856 [Worker-15: Building workspace] INFO  o.e.m.c.i.embedder.EclipseLogger - skip non existing resourceDirectory C:\packetSizeTest\ServerWork\server2020\src\main\resources
2020-03-29 01:24:59,857 [Worker-15: Building workspace] INFO  o.e.m.c.i.embedder.EclipseLogger - Using 'UTF-8' encoding to copy filtered resources.
2020-03-29 01:24:59,858 [Worker-15: Building workspace] INFO  o.e.m.c.i.embedder.EclipseLogger - skip non existing resourceDirectory C:\packetSizeTest\ServerWork\server2020\src\test\resources
2020-03-29 01:25:31,800 [Worker-0: Building workspace] INFO  o.e.m.c.i.embedder.EclipseLogger - Protoc version: 2.6.1
2020-03-29 01:25:31,839 [Worker-0: Building workspace] INFO  o.e.m.c.i.embedder.EclipseLogger - Protoc command: C:\Users\xiezi\AppData\Local\Temp\protocjar839520337621906596\bin\protoc.exe
2020-03-29 01:25:31,839 [Worker-0: Building workspace] INFO  o.e.m.c.i.embedder.EclipseLogger - Input directories:
2020-03-29 01:25:31,839 [Worker-0: Building workspace] INFO  o.e.m.c.i.embedder.EclipseLogger -     C:\packetSizeTest\ServerWork\server2020\src\main\protobuf
2020-03-29 01:25:31,839 [Worker-0: Building workspace] INFO  o.e.m.c.i.embedder.EclipseLogger - Output targets:
2020-03-29 01:25:31,839 [Worker-0: Building workspace] INFO  o.e.m.c.i.embedder.EclipseLogger -     java: C:\packetSizeTest\ServerWork\server2020\src\main\java (add: none, clean: false, plugin: null, outputOptions: null)
2020-03-29 01:25:31,841 [Worker-0: Building workspace] INFO  o.e.m.c.i.embedder.EclipseLogger - Not changed C:\packetSizeTest\ServerWork\server2020\src\main\protobuf\Message.proto
2020-03-29 01:25:31,841 [Worker-0: Building workspace] INFO  o.e.m.c.i.embedder.EclipseLogger - Not changed C:\packetSizeTest\ServerWork\server2020\src\main\protobuf\RequestPayload.proto
2020-03-29 01:25:31,841 [Worker-0: Building workspace] INFO  o.e.m.c.i.embedder.EclipseLogger - Not changed C:\packetSizeTest\ServerWork\server2020\src\main\protobuf\ResponsePayload.proto
2020-03-29 01:25:31,842 [Worker-0: Building workspace] INFO  o.e.m.c.i.embedder.EclipseLogger - Using 'UTF-8' encoding to copy filtered resources.
2020-03-29 01:25:31,843 [Worker-0: Building workspace] INFO  o.e.m.c.i.embedder.EclipseLogger - skip non existing resourceDirectory C:\packetSizeTest\ServerWork\server2020\src\main\resources
2020-03-29 01:25:31,844 [Worker-0: Building workspace] INFO  o.e.m.c.i.embedder.EclipseLogger - Using 'UTF-8' encoding to copy filtered resources.
2020-03-29 01:25:31,844 [Worker-0: Building workspace] INFO  o.e.m.c.i.embedder.EclipseLogger - skip non existing resourceDirectory C:\packetSizeTest\ServerWork\server2020\src\test\resources
2020-03-29 01:27:39,266 [Worker-18: Building workspace] INFO  o.e.m.c.i.embedder.EclipseLogger - Protoc version: 2.6.1
2020-03-29 01:27:39,308 [Worker-18: Building workspace] INFO  o.e.m.c.i.embedder.EclipseLogger - Protoc command: C:\Users\xiezi\AppData\Local\Temp\protocjar7721376991535964747\bin\protoc.exe
2020-03-29 01:27:39,308 [Worker-18: Building workspace] INFO  o.e.m.c.i.embedder.EclipseLogger - Input directories:
2020-03-29 01:27:39,308 [Worker-18: Building workspace] INFO  o.e.m.c.i.embedder.EclipseLogger -     C:\packetSizeTest\ServerWork\server2020\src\main\protobuf
2020-03-29 01:27:39,309 [Worker-18: Building workspace] INFO  o.e.m.c.i.embedder.EclipseLogger - Output targets:
2020-03-29 01:27:39,309 [Worker-18: Building workspace] INFO  o.e.m.c.i.embedder.EclipseLogger -     java: C:\packetSizeTest\ServerWork\server2020\src\main\java (add: none, clean: false, plugin: null, outputOptions: null)
2020-03-29 01:27:39,310 [Worker-18: Building workspace] INFO  o.e.m.c.i.embedder.EclipseLogger - Not changed C:\packetSizeTest\ServerWork\server2020\src\main\protobuf\Message.proto
2020-03-29 01:27:39,310 [Worker-18: Building workspace] INFO  o.e.m.c.i.embedder.EclipseLogger - Not changed C:\packetSizeTest\ServerWork\server2020\src\main\protobuf\RequestPayload.proto
2020-03-29 01:27:39,310 [Worker-18: Building workspace] INFO  o.e.m.c.i.embedder.EclipseLogger - Not changed C:\packetSizeTest\ServerWork\server2020\src\main\protobuf\ResponsePayload.proto
2020-03-29 01:27:39,311 [Worker-18: Building workspace] INFO  o.e.m.c.i.embedder.EclipseLogger - Using 'UTF-8' encoding to copy filtered resources.
2020-03-29 01:27:39,312 [Worker-18: Building workspace] INFO  o.e.m.c.i.embedder.EclipseLogger - skip non existing resourceDirectory C:\packetSizeTest\ServerWork\server2020\src\main\resources
2020-03-29 01:27:39,312 [Worker-18: Building workspace] INFO  o.e.m.c.i.embedder.EclipseLogger - Using 'UTF-8' encoding to copy filtered resources.
2020-03-29 01:27:39,312 [Worker-18: Building workspace] INFO  o.e.m.c.i.embedder.EclipseLogger - skip non existing resourceDirectory C:\packetSizeTest\ServerWork\server2020\src\test\resources
2020-03-29 01:29:01,007 [Worker-14: Building workspace] INFO  o.e.m.c.i.embedder.EclipseLogger - Protoc version: 2.6.1
2020-03-29 01:29:01,059 [Worker-14: Building workspace] INFO  o.e.m.c.i.embedder.EclipseLogger - Protoc command: C:\Users\xiezi\AppData\Local\Temp\protocjar374688147063356139\bin\protoc.exe
2020-03-29 01:29:01,059 [Worker-14: Building workspace] INFO  o.e.m.c.i.embedder.EclipseLogger - Input directories:
2020-03-29 01:29:01,059 [Worker-14: Building workspace] INFO  o.e.m.c.i.embedder.EclipseLogger -     C:\packetSizeTest\ServerWork\server2020\src\main\protobuf
2020-03-29 01:29:01,060 [Worker-14: Building workspace] INFO  o.e.m.c.i.embedder.EclipseLogger - Output targets:
2020-03-29 01:29:01,060 [Worker-14: Building workspace] INFO  o.e.m.c.i.embedder.EclipseLogger -     java: C:\packetSizeTest\ServerWork\server2020\src\main\java (add: none, clean: false, plugin: null, outputOptions: null)
2020-03-29 01:29:01,062 [Worker-14: Building workspace] INFO  o.e.m.c.i.embedder.EclipseLogger - Not changed C:\packetSizeTest\ServerWork\server2020\src\main\protobuf\Message.proto
2020-03-29 01:29:01,062 [Worker-14: Building workspace] INFO  o.e.m.c.i.embedder.EclipseLogger - Not changed C:\packetSizeTest\ServerWork\server2020\src\main\protobuf\RequestPayload.proto
2020-03-29 01:29:01,062 [Worker-14: Building workspace] INFO  o.e.m.c.i.embedder.EclipseLogger - Not changed C:\packetSizeTest\ServerWork\server2020\src\main\protobuf\ResponsePayload.proto
2020-03-29 01:29:01,063 [Worker-14: Building workspace] INFO  o.e.m.c.i.embedder.EclipseLogger - Using 'UTF-8' encoding to copy filtered resources.
2020-03-29 01:29:01,063 [Worker-14: Building workspace] INFO  o.e.m.c.i.embedder.EclipseLogger - skip non existing resourceDirectory C:\packetSizeTest\ServerWork\server2020\src\main\resources
2020-03-29 01:29:01,063 [Worker-14: Building workspace] INFO  o.e.m.c.i.embedder.EclipseLogger - Using 'UTF-8' encoding to copy filtered resources.
2020-03-29 01:29:01,063 [Worker-14: Building workspace] INFO  o.e.m.c.i.embedder.EclipseLogger - skip non existing resourceDirectory C:\packetSizeTest\ServerWork\server2020\src\test\resources
2020-03-29 01:29:53,063 [Worker-17: Building workspace] INFO  o.e.m.c.i.embedder.EclipseLogger - Protoc version: 2.6.1
2020-03-29 01:29:53,105 [Worker-17: Building workspace] INFO  o.e.m.c.i.embedder.EclipseLogger - Protoc command: C:\Users\xiezi\AppData\Local\Temp\protocjar1658066634339558452\bin\protoc.exe
2020-03-29 01:29:53,105 [Worker-17: Building workspace] INFO  o.e.m.c.i.embedder.EclipseLogger - Input directories:
2020-03-29 01:29:53,105 [Worker-17: Building workspace] INFO  o.e.m.c.i.embedder.EclipseLogger -     C:\packetSizeTest\ServerWork\server2020\src\main\protobuf
2020-03-29 01:29:53,105 [Worker-17: Building workspace] INFO  o.e.m.c.i.embedder.EclipseLogger - Output targets:
2020-03-29 01:29:53,105 [Worker-17: Building workspace] INFO  o.e.m.c.i.embedder.EclipseLogger -     java: C:\packetSizeTest\ServerWork\server2020\src\main\java (add: none, clean: false, plugin: null, outputOptions: null)
2020-03-29 01:29:53,107 [Worker-17: Building workspace] INFO  o.e.m.c.i.embedder.EclipseLogger - Not changed C:\packetSizeTest\ServerWork\server2020\src\main\protobuf\Message.proto
2020-03-29 01:29:53,107 [Worker-17: Building workspace] INFO  o.e.m.c.i.embedder.EclipseLogger - Not changed C:\packetSizeTest\ServerWork\server2020\src\main\protobuf\RequestPayload.proto
2020-03-29 01:29:53,107 [Worker-17: Building workspace] INFO  o.e.m.c.i.embedder.EclipseLogger - Not changed C:\packetSizeTest\ServerWork\server2020\src\main\protobuf\ResponsePayload.proto
2020-03-29 01:29:53,108 [Worker-17: Building workspace] INFO  o.e.m.c.i.embedder.EclipseLogger - Using 'UTF-8' encoding to copy filtered resources.
2020-03-29 01:29:53,109 [Worker-17: Building workspace] INFO  o.e.m.c.i.embedder.EclipseLogger - skip non existing resourceDirectory C:\packetSizeTest\ServerWork\server2020\src\main\resources
2020-03-29 01:29:53,110 [Worker-17: Building workspace] INFO  o.e.m.c.i.embedder.EclipseLogger - Using 'UTF-8' encoding to copy filtered resources.
2020-03-29 01:29:53,110 [Worker-17: Building workspace] INFO  o.e.m.c.i.embedder.EclipseLogger - skip non existing resourceDirectory C:\packetSizeTest\ServerWork\server2020\src\test\resources
2020-03-29 01:35:12,436 [Worker-15: Building workspace] INFO  o.e.m.c.i.embedder.EclipseLogger - Protoc version: 2.6.1
2020-03-29 01:35:12,470 [Worker-15: Building workspace] INFO  o.e.m.c.i.embedder.EclipseLogger - Protoc command: C:\Users\xiezi\AppData\Local\Temp\protocjar9081722298232994017\bin\protoc.exe
2020-03-29 01:35:12,470 [Worker-15: Building workspace] INFO  o.e.m.c.i.embedder.EclipseLogger - Input directories:
2020-03-29 01:35:12,470 [Worker-15: Building workspace] INFO  o.e.m.c.i.embedder.EclipseLogger -     C:\packetSizeTest\ServerWork\server2020\src\main\protobuf
2020-03-29 01:35:12,470 [Worker-15: Building workspace] INFO  o.e.m.c.i.embedder.EclipseLogger - Output targets:
2020-03-29 01:35:12,470 [Worker-15: Building workspace] INFO  o.e.m.c.i.embedder.EclipseLogger -     java: C:\packetSizeTest\ServerWork\server2020\src\main\java (add: none, clean: false, plugin: null, outputOptions: null)
2020-03-29 01:35:12,472 [Worker-15: Building workspace] INFO  o.e.m.c.i.embedder.EclipseLogger - Not changed C:\packetSizeTest\ServerWork\server2020\src\main\protobuf\Message.proto
2020-03-29 01:35:12,472 [Worker-15: Building workspace] INFO  o.e.m.c.i.embedder.EclipseLogger - Not changed C:\packetSizeTest\ServerWork\server2020\src\main\protobuf\RequestPayload.proto
2020-03-29 01:35:12,472 [Worker-15: Building workspace] INFO  o.e.m.c.i.embedder.EclipseLogger - Not changed C:\packetSizeTest\ServerWork\server2020\src\main\protobuf\ResponsePayload.proto
2020-03-29 01:35:12,473 [Worker-15: Building workspace] INFO  o.e.m.c.i.embedder.EclipseLogger - Using 'UTF-8' encoding to copy filtered resources.
2020-03-29 01:35:12,473 [Worker-15: Building workspace] INFO  o.e.m.c.i.embedder.EclipseLogger - skip non existing resourceDirectory C:\packetSizeTest\ServerWork\server2020\src\main\resources
2020-03-29 01:35:12,474 [Worker-15: Building workspace] INFO  o.e.m.c.i.embedder.EclipseLogger - Using 'UTF-8' encoding to copy filtered resources.
2020-03-29 01:35:12,474 [Worker-15: Building workspace] INFO  o.e.m.c.i.embedder.EclipseLogger - skip non existing resourceDirectory C:\packetSizeTest\ServerWork\server2020\src\test\resources
2020-03-29 01:37:57,773 [Worker-20: Building workspace] INFO  o.e.m.c.i.embedder.EclipseLogger - Protoc version: 2.6.1
2020-03-29 01:37:57,873 [Worker-20: Building workspace] INFO  o.e.m.c.i.embedder.EclipseLogger - Protoc command: C:\Users\xiezi\AppData\Local\Temp\protocjar1684302002861056308\bin\protoc.exe
2020-03-29 01:37:57,873 [Worker-20: Building workspace] INFO  o.e.m.c.i.embedder.EclipseLogger - Input directories:
2020-03-29 01:37:57,873 [Worker-20: Building workspace] INFO  o.e.m.c.i.embedder.EclipseLogger -     C:\packetSizeTest\ServerWork\server2020\src\main\protobuf
2020-03-29 01:37:57,873 [Worker-20: Building workspace] INFO  o.e.m.c.i.embedder.EclipseLogger - Output targets:
2020-03-29 01:37:57,873 [Worker-20: Building workspace] INFO  o.e.m.c.i.embedder.EclipseLogger -     java: C:\packetSizeTest\ServerWork\server2020\src\main\java (add: none, clean: false, plugin: null, outputOptions: null)
2020-03-29 01:37:57,875 [Worker-20: Building workspace] INFO  o.e.m.c.i.embedder.EclipseLogger - Not changed C:\packetSizeTest\ServerWork\server2020\src\main\protobuf\Message.proto
2020-03-29 01:37:57,875 [Worker-20: Building workspace] INFO  o.e.m.c.i.embedder.EclipseLogger - Not changed C:\packetSizeTest\ServerWork\server2020\src\main\protobuf\RequestPayload.proto
2020-03-29 01:37:57,875 [Worker-20: Building workspace] INFO  o.e.m.c.i.embedder.EclipseLogger - Not changed C:\packetSizeTest\ServerWork\server2020\src\main\protobuf\ResponsePayload.proto
2020-03-29 01:37:57,876 [Worker-20: Building workspace] INFO  o.e.m.c.i.embedder.EclipseLogger - Using 'UTF-8' encoding to copy filtered resources.
2020-03-29 01:37:57,876 [Worker-20: Building workspace] INFO  o.e.m.c.i.embedder.EclipseLogger - skip non existing resourceDirectory C:\packetSizeTest\ServerWork\server2020\src\main\resources
2020-03-29 01:37:57,877 [Worker-20: Building workspace] INFO  o.e.m.c.i.embedder.EclipseLogger - Using 'UTF-8' encoding to copy filtered resources.
2020-03-29 01:37:57,877 [Worker-20: Building workspace] INFO  o.e.m.c.i.embedder.EclipseLogger - skip non existing resourceDirectory C:\packetSizeTest\ServerWork\server2020\src\test\resources
2020-03-29 01:39:35,821 [Worker-0: Building workspace] INFO  o.e.m.c.i.embedder.EclipseLogger - Protoc version: 2.6.1
2020-03-29 01:39:35,844 [Worker-0: Building workspace] INFO  o.e.m.c.i.embedder.EclipseLogger - Protoc command: C:\Users\xiezi\AppData\Local\Temp\protocjar2480719013118494710\bin\protoc.exe
2020-03-29 01:39:35,845 [Worker-0: Building workspace] INFO  o.e.m.c.i.embedder.EclipseLogger - Input directories:
2020-03-29 01:39:35,845 [Worker-0: Building workspace] INFO  o.e.m.c.i.embedder.EclipseLogger -     C:\packetSizeTest\ServerWork\server2020\src\main\protobuf
2020-03-29 01:39:35,845 [Worker-0: Building workspace] INFO  o.e.m.c.i.embedder.EclipseLogger - Output targets:
2020-03-29 01:39:35,845 [Worker-0: Building workspace] INFO  o.e.m.c.i.embedder.EclipseLogger -     java: C:\packetSizeTest\ServerWork\server2020\src\main\java (add: none, clean: false, plugin: null, outputOptions: null)
2020-03-29 01:39:35,847 [Worker-0: Building workspace] INFO  o.e.m.c.i.embedder.EclipseLogger - Not changed C:\packetSizeTest\ServerWork\server2020\src\main\protobuf\Message.proto
2020-03-29 01:39:35,847 [Worker-0: Building workspace] INFO  o.e.m.c.i.embedder.EclipseLogger - Not changed C:\packetSizeTest\ServerWork\server2020\src\main\protobuf\RequestPayload.proto
2020-03-29 01:39:35,847 [Worker-0: Building workspace] INFO  o.e.m.c.i.embedder.EclipseLogger - Not changed C:\packetSizeTest\ServerWork\server2020\src\main\protobuf\ResponsePayload.proto
2020-03-29 01:39:35,848 [Worker-0: Building workspace] INFO  o.e.m.c.i.embedder.EclipseLogger - Using 'UTF-8' encoding to copy filtered resources.
2020-03-29 01:39:35,849 [Worker-0: Building workspace] INFO  o.e.m.c.i.embedder.EclipseLogger - skip non existing resourceDirectory C:\packetSizeTest\ServerWork\server2020\src\main\resources
2020-03-29 01:39:35,849 [Worker-0: Building workspace] INFO  o.e.m.c.i.embedder.EclipseLogger - Using 'UTF-8' encoding to copy filtered resources.
2020-03-29 01:39:35,850 [Worker-0: Building workspace] INFO  o.e.m.c.i.embedder.EclipseLogger - skip non existing resourceDirectory C:\packetSizeTest\ServerWork\server2020\src\test\resources
2020-03-29 04:03:37,504 [Worker-0: Loading available Gradle versions] INFO  c.g.t.t.d.PublishedGradleVersions - Gradle version information cache is up-to-date. Trying to read.
2020-03-29 04:03:50,096 [Worker-4: Building workspace] INFO  o.e.m.c.i.embedder.EclipseLogger - Protoc version: 2.6.1
2020-03-29 04:03:51,795 [Worker-4: Building workspace] INFO  o.e.m.c.i.embedder.EclipseLogger - Protoc command: C:\Users\xiezi\AppData\Local\Temp\protocjar5577962273807928383\bin\protoc.exe
2020-03-29 04:03:51,795 [Worker-4: Building workspace] INFO  o.e.m.c.i.embedder.EclipseLogger - Input directories:
2020-03-29 04:03:51,795 [Worker-4: Building workspace] INFO  o.e.m.c.i.embedder.EclipseLogger -     C:\packetSizeTest\ServerWork\server2020\src\main\protobuf
2020-03-29 04:03:51,795 [Worker-4: Building workspace] INFO  o.e.m.c.i.embedder.EclipseLogger - Output targets:
2020-03-29 04:03:51,796 [Worker-4: Building workspace] INFO  o.e.m.c.i.embedder.EclipseLogger -     java: C:\packetSizeTest\ServerWork\server2020\src\main\java (add: none, clean: false, plugin: null, outputOptions: null)
2020-03-29 04:03:51,885 [Worker-4: Building workspace] INFO  o.e.m.c.i.embedder.EclipseLogger -     Processing (java): Message.proto
2020-03-29 04:03:55,894 [Worker-4: Building workspace] INFO  o.e.m.c.i.embedder.EclipseLogger -     Processing (java): RequestPayload.proto
2020-03-29 04:03:56,705 [Worker-4: Building workspace] INFO  o.e.m.c.i.embedder.EclipseLogger -     Processing (java): ResponsePayload.proto
2020-03-29 04:04:00,283 [Worker-4: Building workspace] INFO  o.e.m.c.i.embedder.EclipseLogger - Using 'UTF-8' encoding to copy filtered resources.
2020-03-29 04:04:00,283 [Worker-4: Building workspace] INFO  o.e.m.c.i.embedder.EclipseLogger - skip non existing resourceDirectory C:\packetSizeTest\ServerWork\server2020\src\main\resources
2020-03-29 04:04:00,285 [Worker-4: Building workspace] INFO  o.e.m.c.i.embedder.EclipseLogger - Using 'UTF-8' encoding to copy filtered resources.
2020-03-29 04:04:00,286 [Worker-4: Building workspace] INFO  o.e.m.c.i.embedder.EclipseLogger - skip non existing resourceDirectory C:\packetSizeTest\ServerWork\server2020\src\test\resources
2020-03-29 04:12:00,217 [Worker-15: Building workspace] INFO  o.e.m.c.i.embedder.EclipseLogger - Protoc version: 2.6.1
2020-03-29 04:12:00,240 [Worker-15: Building workspace] INFO  o.e.m.c.i.embedder.EclipseLogger - Protoc command: C:\Users\xiezi\AppData\Local\Temp\protocjar2564459694205343544\bin\protoc.exe
2020-03-29 04:12:00,241 [Worker-15: Building workspace] INFO  o.e.m.c.i.embedder.EclipseLogger - Input directories:
2020-03-29 04:12:00,241 [Worker-15: Building workspace] INFO  o.e.m.c.i.embedder.EclipseLogger -     C:\packetSizeTest\ServerWork\server2020\src\main\protobuf
2020-03-29 04:12:00,241 [Worker-15: Building workspace] INFO  o.e.m.c.i.embedder.EclipseLogger - Output targets:
2020-03-29 04:12:00,241 [Worker-15: Building workspace] INFO  o.e.m.c.i.embedder.EclipseLogger -     java: C:\packetSizeTest\ServerWork\server2020\src\main\java (add: none, clean: false, plugin: null, outputOptions: null)
2020-03-29 04:12:00,243 [Worker-15: Building workspace] INFO  o.e.m.c.i.embedder.EclipseLogger - Not changed C:\packetSizeTest\ServerWork\server2020\src\main\protobuf\Message.proto
2020-03-29 04:12:00,243 [Worker-15: Building workspace] INFO  o.e.m.c.i.embedder.EclipseLogger - Not changed C:\packetSizeTest\ServerWork\server2020\src\main\protobuf\RequestPayload.proto
2020-03-29 04:12:00,243 [Worker-15: Building workspace] INFO  o.e.m.c.i.embedder.EclipseLogger - Not changed C:\packetSizeTest\ServerWork\server2020\src\main\protobuf\ResponsePayload.proto
2020-03-29 04:12:00,244 [Worker-15: Building workspace] INFO  o.e.m.c.i.embedder.EclipseLogger - Using 'UTF-8' encoding to copy filtered resources.
2020-03-29 04:12:00,245 [Worker-15: Building workspace] INFO  o.e.m.c.i.embedder.EclipseLogger - skip non existing resourceDirectory C:\packetSizeTest\ServerWork\server2020\src\main\resources
2020-03-29 04:12:00,246 [Worker-15: Building workspace] INFO  o.e.m.c.i.embedder.EclipseLogger - Using 'UTF-8' encoding to copy filtered resources.
2020-03-29 04:12:00,246 [Worker-15: Building workspace] INFO  o.e.m.c.i.embedder.EclipseLogger - skip non existing resourceDirectory C:\packetSizeTest\ServerWork\server2020\src\test\resources
2020-03-29 16:57:14,759 [Worker-2: Loading available Gradle versions] INFO  c.g.t.t.d.PublishedGradleVersions - Gradle version information cache is up-to-date. Trying to read.
2020-03-29 16:57:18,829 [Worker-3: Building workspace] INFO  o.e.m.c.i.embedder.EclipseLogger - Protoc version: 2.6.1
2020-03-29 16:57:18,887 [Worker-3: Building workspace] INFO  o.e.m.c.i.embedder.EclipseLogger - Protoc command: C:\Users\xiezi\AppData\Local\Temp\protocjar2430473403959851886\bin\protoc.exe
2020-03-29 16:57:18,887 [Worker-3: Building workspace] INFO  o.e.m.c.i.embedder.EclipseLogger - Input directories:
2020-03-29 16:57:18,887 [Worker-3: Building workspace] INFO  o.e.m.c.i.embedder.EclipseLogger -     C:\packetSizeTest\ServerWork\server2020\src\main\protobuf
2020-03-29 16:57:18,887 [Worker-3: Building workspace] INFO  o.e.m.c.i.embedder.EclipseLogger - Output targets:
2020-03-29 16:57:18,887 [Worker-3: Building workspace] INFO  o.e.m.c.i.embedder.EclipseLogger -     java: C:\packetSizeTest\ServerWork\server2020\src\main\java (add: none, clean: false, plugin: null, outputOptions: null)
2020-03-29 16:57:19,003 [Worker-3: Building workspace] INFO  o.e.m.c.i.embedder.EclipseLogger -     Processing (java): Message.proto
2020-03-29 16:57:19,827 [Worker-3: Building workspace] INFO  o.e.m.c.i.embedder.EclipseLogger -     Processing (java): RequestPayload.proto
2020-03-29 16:57:20,231 [Worker-3: Building workspace] INFO  o.e.m.c.i.embedder.EclipseLogger -     Processing (java): ResponsePayload.proto
2020-03-29 16:57:20,783 [Worker-3: Building workspace] INFO  o.e.m.c.i.embedder.EclipseLogger - Using 'UTF-8' encoding to copy filtered resources.
2020-03-29 16:57:20,783 [Worker-3: Building workspace] INFO  o.e.m.c.i.embedder.EclipseLogger - skip non existing resourceDirectory C:\packetSizeTest\ServerWork\server2020\src\main\resources
2020-03-29 16:57:20,785 [Worker-3: Building workspace] INFO  o.e.m.c.i.embedder.EclipseLogger - Using 'UTF-8' encoding to copy filtered resources.
2020-03-29 16:57:20,786 [Worker-3: Building workspace] INFO  o.e.m.c.i.embedder.EclipseLogger - skip non existing resourceDirectory C:\packetSizeTest\ServerWork\server2020\src\test\resources
